2021-03-01 09:49:40 [main] INFO  c.a.c.s.d.DashboardApplication - Starting DashboardApplication on bcf6d0863848 with PID 1 (/martin-sentinel/sentinel-dashboard-1.8.0.jar started by root in /martin-sentinel)
2021-03-01 09:49:41 [main] INFO  c.a.c.s.d.DashboardApplication - No active profile set, falling back to default profiles: default
2021-03-01 09:49:41 [main] INFO  o.s.b.w.s.c.AnnotationConfigServletWebServerApplicationContext - Refreshing org.springframework.boot.web.servlet.context.AnnotationConfigServletWebServerApplicationContext@59690aa4: startup date [Mon Mar 01 09:49:41 CST 2021]; root of context hierarchy
2021-03-01 09:50:47 [main] INFO  c.a.c.s.d.DashboardApplication - Starting DashboardApplication on bcf6d0863848 with PID 1 (/martin-sentinel/sentinel-dashboard-1.8.0.jar started by root in /martin-sentinel)
2021-03-01 09:50:47 [main] INFO  c.a.c.s.d.DashboardApplication - No active profile set, falling back to default profiles: default
2021-03-01 09:50:48 [main] INFO  o.s.b.w.s.c.AnnotationConfigServletWebServerApplicationContext - Refreshing org.springframework.boot.web.servlet.context.AnnotationConfigServletWebServerApplicationContext@1517365b: startup date [Mon Mar 01 09:50:48 CST 2021]; root of context hierarchy
2021-03-01 09:51:07 [main] INFO  o.s.b.w.e.tomcat.TomcatWebServer - Tomcat initialized with port(s): 8080 (http)
2021-03-01 09:51:08 [main] INFO  o.a.catalina.core.StandardService - Starting service [Tomcat]
2021-03-01 09:51:08 [main] INFO  o.a.catalina.core.StandardEngine - Starting Servlet Engine: Apache Tomcat/8.5.34
2021-03-01 09:51:08 [localhost-startStop-1] INFO  o.a.c.core.AprLifecycleListener - The APR based Apache Tomcat Native library which allows optimal performance in production environments was not found on the java.library.path: [/usr/java/packages/lib/amd64:/usr/lib64:/lib64:/lib:/usr/lib]
2021-03-01 09:51:09 [localhost-startStop-1] INFO  o.a.c.c.C.[Tomcat].[localhost].[/] - Initializing Spring embedded WebApplicationContext
2021-03-01 09:51:09 [localhost-startStop-1] INFO  o.s.web.context.ContextLoader - Root WebApplicationContext: initialization completed in 20112 ms
2021-03-01 09:51:10 [localhost-startStop-1] INFO  c.a.c.s.dashboard.config.WebConfig - Sentinel servlet CommonFilter registered
2021-03-01 09:51:10 [localhost-startStop-1] INFO  o.s.b.w.s.FilterRegistrationBean - Mapping filter: 'characterEncodingFilter' to: [/*]
2021-03-01 09:51:10 [localhost-startStop-1] INFO  o.s.b.w.s.FilterRegistrationBean - Mapping filter: 'hiddenHttpMethodFilter' to: [/*]
2021-03-01 09:51:10 [localhost-startStop-1] INFO  o.s.b.w.s.FilterRegistrationBean - Mapping filter: 'httpPutFormContentFilter' to: [/*]
2021-03-01 09:51:10 [localhost-startStop-1] INFO  o.s.b.w.s.FilterRegistrationBean - Mapping filter: 'requestContextFilter' to: [/*]
2021-03-01 09:51:11 [localhost-startStop-1] INFO  o.s.b.w.s.FilterRegistrationBean - Mapping filter: 'authenticationFilter' to urls: [/*]
2021-03-01 09:51:11 [localhost-startStop-1] INFO  o.s.b.w.s.FilterRegistrationBean - Mapping filter: 'sentinelFilter' to urls: [/*]
2021-03-01 09:51:11 [localhost-startStop-1] INFO  o.s.b.w.s.ServletRegistrationBean - Servlet dispatcherServlet mapped to [/]
2021-03-01 09:51:43 [main] INFO  c.a.c.s.d.DashboardApplication - Starting DashboardApplication on bcf6d0863848 with PID 1 (/martin-sentinel/sentinel-dashboard-1.8.0.jar started by root in /martin-sentinel)
2021-03-01 09:51:43 [main] INFO  c.a.c.s.d.DashboardApplication - No active profile set, falling back to default profiles: default
2021-03-01 09:51:44 [main] INFO  o.s.b.w.s.c.AnnotationConfigServletWebServerApplicationContext - Refreshing org.springframework.boot.web.servlet.context.AnnotationConfigServletWebServerApplicationContext@59690aa4: startup date [Mon Mar 01 09:51:44 CST 2021]; root of context hierarchy
2021-03-01 09:51:58 [main] INFO  o.s.b.w.e.tomcat.TomcatWebServer - Tomcat initialized with port(s): 8080 (http)
2021-03-01 09:51:59 [main] INFO  o.a.catalina.core.StandardService - Starting service [Tomcat]
2021-03-01 09:51:59 [main] INFO  o.a.catalina.core.StandardEngine - Starting Servlet Engine: Apache Tomcat/8.5.34
2021-03-01 09:51:59 [localhost-startStop-1] INFO  o.a.c.core.AprLifecycleListener - The APR based Apache Tomcat Native library which allows optimal performance in production environments was not found on the java.library.path: [/usr/java/packages/lib/amd64:/usr/lib64:/lib64:/lib:/usr/lib]
2021-03-01 09:52:00 [localhost-startStop-1] INFO  o.a.c.c.C.[Tomcat].[localhost].[/] - Initializing Spring embedded WebApplicationContext
2021-03-01 09:52:00 [localhost-startStop-1] INFO  o.s.web.context.ContextLoader - Root WebApplicationContext: initialization completed in 15902 ms
2021-03-01 09:52:00 [localhost-startStop-1] INFO  c.a.c.s.dashboard.config.WebConfig - Sentinel servlet CommonFilter registered
2021-03-01 09:52:01 [localhost-startStop-1] INFO  o.s.b.w.s.FilterRegistrationBean - Mapping filter: 'characterEncodingFilter' to: [/*]
2021-03-01 09:52:01 [localhost-startStop-1] INFO  o.s.b.w.s.FilterRegistrationBean - Mapping filter: 'hiddenHttpMethodFilter' to: [/*]
2021-03-01 09:52:01 [localhost-startStop-1] INFO  o.s.b.w.s.FilterRegistrationBean - Mapping filter: 'httpPutFormContentFilter' to: [/*]
2021-03-01 09:52:01 [localhost-startStop-1] INFO  o.s.b.w.s.FilterRegistrationBean - Mapping filter: 'requestContextFilter' to: [/*]
2021-03-01 09:52:01 [localhost-startStop-1] INFO  o.s.b.w.s.FilterRegistrationBean - Mapping filter: 'authenticationFilter' to urls: [/*]
2021-03-01 09:52:01 [localhost-startStop-1] INFO  o.s.b.w.s.FilterRegistrationBean - Mapping filter: 'sentinelFilter' to urls: [/*]
2021-03-01 09:52:01 [localhost-startStop-1] INFO  o.s.b.w.s.ServletRegistrationBean - Servlet dispatcherServlet mapped to [/]
2021-03-01 09:52:11 [main] INFO  o.s.w.s.h.SimpleUrlHandlerMapping - Mapped URL path [/**/favicon.ico] onto handler of type [class org.springframework.web.servlet.resource.ResourceHttpRequestHandler]
2021-03-01 09:52:13 [main] INFO  o.s.w.s.m.m.a.RequestMappingHandlerAdapter - Looking for @ControllerAdvice: org.springframework.boot.web.servlet.context.AnnotationConfigServletWebServerApplicationContext@59690aa4: startup date [Mon Mar 01 09:51:44 CST 2021]; root of context hierarchy
2021-03-01 09:52:14 [main] INFO  o.s.w.s.m.m.a.RequestMappingHandlerMapping - Mapped "{[/v2/flow/rule],methods=[POST]}" onto public com.alibaba.csp.sentinel.dashboard.domain.Result<com.alibaba.csp.sentinel.dashboard.datasource.entity.rule.FlowRuleEntity> com.alibaba.csp.sentinel.dashboard.controller.v2.FlowControllerV2.apiAddFlowRule(com.alibaba.csp.sentinel.dashboard.datasource.entity.rule.FlowRuleEntity)
2021-03-01 09:52:14 [main] INFO  o.s.w.s.m.m.a.RequestMappingHandlerMapping - Mapped "{[/v2/flow/rules],methods=[GET]}" onto public com.alibaba.csp.sentinel.dashboard.domain.Result<java.util.List<com.alibaba.csp.sentinel.dashboard.datasource.entity.rule.FlowRuleEntity>> com.alibaba.csp.sentinel.dashboard.controller.v2.FlowControllerV2.apiQueryMachineRules(java.lang.String)
2021-03-01 09:52:14 [main] INFO  o.s.w.s.m.m.a.RequestMappingHandlerMapping - Mapped "{[/v2/flow/rule/{id}],methods=[PUT]}" onto public com.alibaba.csp.sentinel.dashboard.domain.Result<com.alibaba.csp.sentinel.dashboard.datasource.entity.rule.FlowRuleEntity> com.alibaba.csp.sentinel.dashboard.controller.v2.FlowControllerV2.apiUpdateFlowRule(java.lang.Long,com.alibaba.csp.sentinel.dashboard.datasource.entity.rule.FlowRuleEntity)
2021-03-01 09:52:14 [main] INFO  o.s.w.s.m.m.a.RequestMappingHandlerMapping - Mapped "{[/v2/flow/rule/{id}],methods=[DELETE]}" onto public com.alibaba.csp.sentinel.dashboard.domain.Result<java.lang.Long> com.alibaba.csp.sentinel.dashboard.controller.v2.FlowControllerV2.apiDeleteRule(java.lang.Long)
2021-03-01 09:52:14 [main] INFO  o.s.w.s.m.m.a.RequestMappingHandlerMapping - Mapped "{[/auth/logout],methods=[POST]}" onto public com.alibaba.csp.sentinel.dashboard.domain.Result<?> com.alibaba.csp.sentinel.dashboard.controller.AuthController.logout(javax.servlet.http.HttpServletRequest)
2021-03-01 09:52:14 [main] INFO  o.s.w.s.m.m.a.RequestMappingHandlerMapping - Mapped "{[/auth/login],methods=[POST]}" onto public com.alibaba.csp.sentinel.dashboard.domain.Result<com.alibaba.csp.sentinel.dashboard.auth.AuthService$AuthUser> com.alibaba.csp.sentinel.dashboard.controller.AuthController.login(javax.servlet.http.HttpServletRequest,java.lang.String,java.lang.String)
2021-03-01 09:52:14 [main] INFO  o.s.w.s.m.m.a.RequestMappingHandlerMapping - Mapped "{[/auth/check],methods=[POST]}" onto public com.alibaba.csp.sentinel.dashboard.domain.Result<?> com.alibaba.csp.sentinel.dashboard.controller.AuthController.check(javax.servlet.http.HttpServletRequest)
2021-03-01 09:52:14 [main] INFO  o.s.w.s.m.m.a.RequestMappingHandlerMapping - Mapped "{[/app/{app}/machine/remove.json]}" onto public com.alibaba.csp.sentinel.dashboard.domain.Result<java.lang.String> com.alibaba.csp.sentinel.dashboard.controller.AppController.removeMachineById(java.lang.String,java.lang.String,int)
2021-03-01 09:52:14 [main] INFO  o.s.w.s.m.m.a.RequestMappingHandlerMapping - Mapped "{[/app/briefinfos.json],methods=[GET]}" onto public com.alibaba.csp.sentinel.dashboard.domain.Result<java.util.List<com.alibaba.csp.sentinel.dashboard.discovery.AppInfo>> com.alibaba.csp.sentinel.dashboard.controller.AppController.queryAppInfos(javax.servlet.http.HttpServletRequest)
2021-03-01 09:52:14 [main] INFO  o.s.w.s.m.m.a.RequestMappingHandlerMapping - Mapped "{[/app/{app}/machines.json],methods=[GET]}" onto public com.alibaba.csp.sentinel.dashboard.domain.Result<java.util.List<com.alibaba.csp.sentinel.dashboard.domain.vo.MachineInfoVo>> com.alibaba.csp.sentinel.dashboard.controller.AppController.getMachinesByApp(java.lang.String)
2021-03-01 09:52:14 [main] INFO  o.s.w.s.m.m.a.RequestMappingHandlerMapping - Mapped "{[/app/names.json],methods=[GET]}" onto public com.alibaba.csp.sentinel.dashboard.domain.Result<java.util.List<java.lang.String>> com.alibaba.csp.sentinel.dashboard.controller.AppController.queryApps(javax.servlet.http.HttpServletRequest)
2021-03-01 09:52:14 [main] INFO  o.s.w.s.m.m.a.RequestMappingHandlerMapping - Mapped "{[/demo/loop],produces=[application/json]}" onto public java.lang.String com.alibaba.csp.sentinel.dashboard.controller.DemoController.loop(java.lang.String,int) throws com.alibaba.csp.sentinel.slots.block.BlockException
2021-03-01 09:52:14 [main] INFO  o.s.w.s.m.m.a.RequestMappingHandlerMapping - Mapped "{[/demo/link],produces=[application/json]}" onto public java.lang.String com.alibaba.csp.sentinel.dashboard.controller.DemoController.link() throws com.alibaba.csp.sentinel.slots.block.BlockException
2021-03-01 09:52:14 [main] INFO  o.s.w.s.m.m.a.RequestMappingHandlerMapping - Mapped "{[/demo/slow],produces=[application/json]}" onto public java.lang.String com.alibaba.csp.sentinel.dashboard.controller.DemoController.slow(java.lang.String,int) throws com.alibaba.csp.sentinel.slots.block.BlockException
2021-03-01 09:52:14 [main] INFO  o.s.w.s.m.m.a.RequestMappingHandlerMapping - Mapped "{[/demo/greeting],produces=[application/json]}" onto public java.lang.String com.alibaba.csp.sentinel.dashboard.controller.DemoController.greeting()
2021-03-01 09:52:14 [main] INFO  o.s.w.s.m.m.a.RequestMappingHandlerMapping - Mapped "{[/gateway/api/new.json],methods=[POST]}" onto public com.alibaba.csp.sentinel.dashboard.domain.Result<com.alibaba.csp.sentinel.dashboard.datasource.entity.gateway.ApiDefinitionEntity> com.alibaba.csp.sentinel.dashboard.controller.gateway.GatewayApiController.addApi(javax.servlet.http.HttpServletRequest,com.alibaba.csp.sentinel.dashboard.domain.vo.gateway.api.AddApiReqVo)
2021-03-01 09:52:14 [main] INFO  o.s.w.s.m.m.a.RequestMappingHandlerMapping - Mapped "{[/gateway/api/list.json],methods=[GET]}" onto public com.alibaba.csp.sentinel.dashboard.domain.Result<java.util.List<com.alibaba.csp.sentinel.dashboard.datasource.entity.gateway.ApiDefinitionEntity>> com.alibaba.csp.sentinel.dashboard.controller.gateway.GatewayApiController.queryApis(java.lang.String,java.lang.String,java.lang.Integer)
2021-03-01 09:52:14 [main] INFO  o.s.w.s.m.m.a.RequestMappingHandlerMapping - Mapped "{[/gateway/api/save.json],methods=[POST]}" onto public com.alibaba.csp.sentinel.dashboard.domain.Result<com.alibaba.csp.sentinel.dashboard.datasource.entity.gateway.ApiDefinitionEntity> com.alibaba.csp.sentinel.dashboard.controller.gateway.GatewayApiController.updateApi(com.alibaba.csp.sentinel.dashboard.domain.vo.gateway.api.UpdateApiReqVo)
2021-03-01 09:52:14 [main] INFO  o.s.w.s.m.m.a.RequestMappingHandlerMapping - Mapped "{[/gateway/api/delete.json],methods=[POST]}" onto public com.alibaba.csp.sentinel.dashboard.domain.Result<java.lang.Long> com.alibaba.csp.sentinel.dashboard.controller.gateway.GatewayApiController.deleteApi(java.lang.Long)
2021-03-01 09:52:14 [main] INFO  o.s.w.s.m.m.a.RequestMappingHandlerMapping - Mapped "{[/resource/machineResource.json],methods=[GET]}" onto public com.alibaba.csp.sentinel.dashboard.domain.Result<java.util.List<com.alibaba.csp.sentinel.dashboard.domain.vo.ResourceVo>> com.alibaba.csp.sentinel.dashboard.controller.ResourceController.fetchResourceChainListOfMachine(java.lang.String,java.lang.Integer,java.lang.String,java.lang.String)
2021-03-01 09:52:14 [main] INFO  o.s.w.s.m.m.a.RequestMappingHandlerMapping - Mapped "{[/version],methods=[GET]}" onto public com.alibaba.csp.sentinel.dashboard.domain.Result<java.lang.String> com.alibaba.csp.sentinel.dashboard.controller.VersionController.apiGetVersion()
2021-03-01 09:52:14 [main] INFO  o.s.w.s.m.m.a.RequestMappingHandlerMapping - Mapped "{[/v1/flow/rule],methods=[POST]}" onto public com.alibaba.csp.sentinel.dashboard.domain.Result<com.alibaba.csp.sentinel.dashboard.datasource.entity.rule.FlowRuleEntity> com.alibaba.csp.sentinel.dashboard.controller.FlowControllerV1.apiAddFlowRule(com.alibaba.csp.sentinel.dashboard.datasource.entity.rule.FlowRuleEntity)
2021-03-01 09:52:14 [main] INFO  o.s.w.s.m.m.a.RequestMappingHandlerMapping - Mapped "{[/v1/flow/rules],methods=[GET]}" onto public com.alibaba.csp.sentinel.dashboard.domain.Result<java.util.List<com.alibaba.csp.sentinel.dashboard.datasource.entity.rule.FlowRuleEntity>> com.alibaba.csp.sentinel.dashboard.controller.FlowControllerV1.apiQueryMachineRules(java.lang.String,java.lang.String,java.lang.Integer)
2021-03-01 09:52:14 [main] INFO  o.s.w.s.m.m.a.RequestMappingHandlerMapping - Mapped "{[/v1/flow/save.json],methods=[PUT]}" onto public com.alibaba.csp.sentinel.dashboard.domain.Result<com.alibaba.csp.sentinel.dashboard.datasource.entity.rule.FlowRuleEntity> com.alibaba.csp.sentinel.dashboard.controller.FlowControllerV1.apiUpdateFlowRule(java.lang.Long,java.lang.String,java.lang.String,java.lang.String,java.lang.Integer,java.lang.Double,java.lang.Integer,java.lang.String,java.lang.Integer,java.lang.Integer,java.lang.Integer)
2021-03-01 09:52:14 [main] INFO  o.s.w.s.m.m.a.RequestMappingHandlerMapping - Mapped "{[/v1/flow/delete.json],methods=[DELETE]}" onto public com.alibaba.csp.sentinel.dashboard.domain.Result<java.lang.Long> com.alibaba.csp.sentinel.dashboard.controller.FlowControllerV1.apiDeleteFlowRule(java.lang.Long)
2021-03-01 09:52:14 [main] INFO  o.s.w.s.m.m.a.RequestMappingHandlerMapping - Mapped "{[/paramFlow/rule/{id}],methods=[DELETE]}" onto public com.alibaba.csp.sentinel.dashboard.domain.Result<java.lang.Long> com.alibaba.csp.sentinel.dashboard.controller.ParamFlowRuleController.apiDeleteRule(java.lang.Long)
2021-03-01 09:52:14 [main] INFO  o.s.w.s.m.m.a.RequestMappingHandlerMapping - Mapped "{[/paramFlow/rules],methods=[GET]}" onto public com.alibaba.csp.sentinel.dashboard.domain.Result<java.util.List<com.alibaba.csp.sentinel.dashboard.datasource.entity.rule.ParamFlowRuleEntity>> com.alibaba.csp.sentinel.dashboard.controller.ParamFlowRuleController.apiQueryAllRulesForMachine(java.lang.String,java.lang.String,java.lang.Integer)
2021-03-01 09:52:14 [main] INFO  o.s.w.s.m.m.a.RequestMappingHandlerMapping - Mapped "{[/paramFlow/rule],methods=[POST]}" onto public com.alibaba.csp.sentinel.dashboard.domain.Result<com.alibaba.csp.sentinel.dashboard.datasource.entity.rule.ParamFlowRuleEntity> com.alibaba.csp.sentinel.dashboard.controller.ParamFlowRuleController.apiAddParamFlowRule(com.alibaba.csp.sentinel.dashboard.datasource.entity.rule.ParamFlowRuleEntity)
2021-03-01 09:52:14 [main] INFO  o.s.w.s.m.m.a.RequestMappingHandlerMapping - Mapped "{[/paramFlow/rule/{id}],methods=[PUT]}" onto public com.alibaba.csp.sentinel.dashboard.domain.Result<com.alibaba.csp.sentinel.dashboard.datasource.entity.rule.ParamFlowRuleEntity> com.alibaba.csp.sentinel.dashboard.controller.ParamFlowRuleController.apiUpdateParamFlowRule(java.lang.Long,com.alibaba.csp.sentinel.dashboard.datasource.entity.rule.ParamFlowRuleEntity)
2021-03-01 09:52:14 [main] INFO  o.s.w.s.m.m.a.RequestMappingHandlerMapping - Mapped "{[/authority/rule/{id}],methods=[DELETE]}" onto public com.alibaba.csp.sentinel.dashboard.domain.Result<java.lang.Long> com.alibaba.csp.sentinel.dashboard.controller.AuthorityRuleController.apiDeleteRule(java.lang.Long)
2021-03-01 09:52:14 [main] INFO  o.s.w.s.m.m.a.RequestMappingHandlerMapping - Mapped "{[/authority/rules],methods=[GET]}" onto public com.alibaba.csp.sentinel.dashboard.domain.Result<java.util.List<com.alibaba.csp.sentinel.dashboard.datasource.entity.rule.AuthorityRuleEntity>> com.alibaba.csp.sentinel.dashboard.controller.AuthorityRuleController.apiQueryAllRulesForMachine(java.lang.String,java.lang.String,java.lang.Integer)
2021-03-01 09:52:14 [main] INFO  o.s.w.s.m.m.a.RequestMappingHandlerMapping - Mapped "{[/authority/rule/{id}],methods=[PUT]}" onto public com.alibaba.csp.sentinel.dashboard.domain.Result<com.alibaba.csp.sentinel.dashboard.datasource.entity.rule.AuthorityRuleEntity> com.alibaba.csp.sentinel.dashboard.controller.AuthorityRuleController.apiUpdateParamFlowRule(java.lang.Long,com.alibaba.csp.sentinel.dashboard.datasource.entity.rule.AuthorityRuleEntity)
2021-03-01 09:52:15 [main] INFO  o.s.w.s.m.m.a.RequestMappingHandlerMapping - Mapped "{[/authority/rule],methods=[POST]}" onto public com.alibaba.csp.sentinel.dashboard.domain.Result<com.alibaba.csp.sentinel.dashboard.datasource.entity.rule.AuthorityRuleEntity> com.alibaba.csp.sentinel.dashboard.controller.AuthorityRuleController.apiAddAuthorityRule(com.alibaba.csp.sentinel.dashboard.datasource.entity.rule.AuthorityRuleEntity)
2021-03-01 09:52:15 [main] INFO  o.s.w.s.m.m.a.RequestMappingHandlerMapping - Mapped "{[/cluster/assign/all_server/{app}],methods=[POST]}" onto public com.alibaba.csp.sentinel.dashboard.domain.Result<com.alibaba.csp.sentinel.dashboard.domain.cluster.ClusterAppAssignResultVO> com.alibaba.csp.sentinel.dashboard.controller.cluster.ClusterAssignController.apiAssignAllClusterServersOfApp(java.lang.String,com.alibaba.csp.sentinel.dashboard.domain.cluster.ClusterAppFullAssignRequest)
2021-03-01 09:52:15 [main] INFO  o.s.w.s.m.m.a.RequestMappingHandlerMapping - Mapped "{[/cluster/assign/single_server/{app}],methods=[POST]}" onto public com.alibaba.csp.sentinel.dashboard.domain.Result<com.alibaba.csp.sentinel.dashboard.domain.cluster.ClusterAppAssignResultVO> com.alibaba.csp.sentinel.dashboard.controller.cluster.ClusterAssignController.apiAssignSingleClusterServersOfApp(java.lang.String,com.alibaba.csp.sentinel.dashboard.domain.cluster.ClusterAppSingleServerAssignRequest)
2021-03-01 09:52:15 [main] INFO  o.s.w.s.m.m.a.RequestMappingHandlerMapping - Mapped "{[/cluster/assign/unbind_server/{app}],methods=[POST]}" onto public com.alibaba.csp.sentinel.dashboard.domain.Result<com.alibaba.csp.sentinel.dashboard.domain.cluster.ClusterAppAssignResultVO> com.alibaba.csp.sentinel.dashboard.controller.cluster.ClusterAssignController.apiUnbindClusterServersOfApp(java.lang.String,java.util.Set<java.lang.String>)
2021-03-01 09:52:15 [main] INFO  o.s.w.s.m.m.a.RequestMappingHandlerMapping - Mapped "{[/cluster/config/modify_single],methods=[POST]}" onto public com.alibaba.csp.sentinel.dashboard.domain.Result<java.lang.Boolean> com.alibaba.csp.sentinel.dashboard.controller.cluster.ClusterConfigController.apiModifyClusterConfig(java.lang.String)
2021-03-01 09:52:15 [main] INFO  o.s.w.s.m.m.a.RequestMappingHandlerMapping - Mapped "{[/cluster/state_single],methods=[GET]}" onto public com.alibaba.csp.sentinel.dashboard.domain.Result<com.alibaba.csp.sentinel.dashboard.domain.cluster.state.ClusterUniversalStateVO> com.alibaba.csp.sentinel.dashboard.controller.cluster.ClusterConfigController.apiGetClusterState(java.lang.String,java.lang.String,java.lang.Integer)
2021-03-01 09:52:15 [main] INFO  o.s.w.s.m.m.a.RequestMappingHandlerMapping - Mapped "{[/cluster/server_state/{app}],methods=[GET]}" onto public com.alibaba.csp.sentinel.dashboard.domain.Result<java.util.List<com.alibaba.csp.sentinel.dashboard.domain.cluster.state.AppClusterServerStateWrapVO>> com.alibaba.csp.sentinel.dashboard.controller.cluster.ClusterConfigController.apiGetClusterServerStateOfApp(java.lang.String)
2021-03-01 09:52:15 [main] INFO  o.s.w.s.m.m.a.RequestMappingHandlerMapping - Mapped "{[/cluster/client_state/{app}],methods=[GET]}" onto public com.alibaba.csp.sentinel.dashboard.domain.Result<java.util.List<com.alibaba.csp.sentinel.dashboard.domain.cluster.state.AppClusterClientStateWrapVO>> com.alibaba.csp.sentinel.dashboard.controller.cluster.ClusterConfigController.apiGetClusterClientStateOfApp(java.lang.String)
2021-03-01 09:52:15 [main] INFO  o.s.w.s.m.m.a.RequestMappingHandlerMapping - Mapped "{[/cluster/state/{app}],methods=[GET]}" onto public com.alibaba.csp.sentinel.dashboard.domain.Result<java.util.List<com.alibaba.csp.sentinel.dashboard.domain.cluster.state.ClusterUniversalStatePairVO>> com.alibaba.csp.sentinel.dashboard.controller.cluster.ClusterConfigController.apiGetClusterStateOfApp(java.lang.String)
2021-03-01 09:52:15 [main] INFO  o.s.w.s.m.m.a.RequestMappingHandlerMapping - Mapped "{[/gateway/flow/save.json],methods=[POST]}" onto public com.alibaba.csp.sentinel.dashboard.domain.Result<com.alibaba.csp.sentinel.dashboard.datasource.entity.gateway.GatewayFlowRuleEntity> com.alibaba.csp.sentinel.dashboard.controller.gateway.GatewayFlowRuleController.updateFlowRule(com.alibaba.csp.sentinel.dashboard.domain.vo.gateway.rule.UpdateFlowRuleReqVo)
2021-03-01 09:52:15 [main] INFO  o.s.w.s.m.m.a.RequestMappingHandlerMapping - Mapped "{[/gateway/flow/list.json],methods=[GET]}" onto public com.alibaba.csp.sentinel.dashboard.domain.Result<java.util.List<com.alibaba.csp.sentinel.dashboard.datasource.entity.gateway.GatewayFlowRuleEntity>> com.alibaba.csp.sentinel.dashboard.controller.gateway.GatewayFlowRuleController.queryFlowRules(java.lang.String,java.lang.String,java.lang.Integer)
2021-03-01 09:52:15 [main] INFO  o.s.w.s.m.m.a.RequestMappingHandlerMapping - Mapped "{[/gateway/flow/delete.json],methods=[POST]}" onto public com.alibaba.csp.sentinel.dashboard.domain.Result<java.lang.Long> com.alibaba.csp.sentinel.dashboard.controller.gateway.GatewayFlowRuleController.deleteFlowRule(java.lang.Long)
2021-03-01 09:52:15 [main] INFO  o.s.w.s.m.m.a.RequestMappingHandlerMapping - Mapped "{[/gateway/flow/new.json],methods=[POST]}" onto public com.alibaba.csp.sentinel.dashboard.domain.Result<com.alibaba.csp.sentinel.dashboard.datasource.entity.gateway.GatewayFlowRuleEntity> com.alibaba.csp.sentinel.dashboard.controller.gateway.GatewayFlowRuleController.addFlowRule(com.alibaba.csp.sentinel.dashboard.domain.vo.gateway.rule.AddFlowRuleReqVo)
2021-03-01 09:52:15 [main] INFO  o.s.w.s.m.m.a.RequestMappingHandlerMapping - Mapped "{[/system/rules.json],methods=[GET]}" onto public com.alibaba.csp.sentinel.dashboard.domain.Result<java.util.List<com.alibaba.csp.sentinel.dashboard.datasource.entity.rule.SystemRuleEntity>> com.alibaba.csp.sentinel.dashboard.controller.SystemController.apiQueryMachineRules(java.lang.String,java.lang.String,java.lang.Integer)
2021-03-01 09:52:15 [main] INFO  o.s.w.s.m.m.a.RequestMappingHandlerMapping - Mapped "{[/system/new.json]}" onto public com.alibaba.csp.sentinel.dashboard.domain.Result<com.alibaba.csp.sentinel.dashboard.datasource.entity.rule.SystemRuleEntity> com.alibaba.csp.sentinel.dashboard.controller.SystemController.apiAdd(java.lang.String,java.lang.String,java.lang.Integer,java.lang.Double,java.lang.Double,java.lang.Long,java.lang.Long,java.lang.Double)
2021-03-01 09:52:15 [main] INFO  o.s.w.s.m.m.a.RequestMappingHandlerMapping - Mapped "{[/system/save.json],methods=[GET]}" onto public com.alibaba.csp.sentinel.dashboard.domain.Result<com.alibaba.csp.sentinel.dashboard.datasource.entity.rule.SystemRuleEntity> com.alibaba.csp.sentinel.dashboard.controller.SystemController.apiUpdateIfNotNull(java.lang.Long,java.lang.String,java.lang.Double,java.lang.Double,java.lang.Long,java.lang.Long,java.lang.Double)
2021-03-01 09:52:15 [main] INFO  o.s.w.s.m.m.a.RequestMappingHandlerMapping - Mapped "{[/system/delete.json]}" onto public com.alibaba.csp.sentinel.dashboard.domain.Result<?> com.alibaba.csp.sentinel.dashboard.controller.SystemController.delete(java.lang.Long)
2021-03-01 09:52:15 [main] INFO  o.s.w.s.m.m.a.RequestMappingHandlerMapping - Mapped "{[/degrade/rules.json],methods=[GET]}" onto public com.alibaba.csp.sentinel.dashboard.domain.Result<java.util.List<com.alibaba.csp.sentinel.dashboard.datasource.entity.rule.DegradeRuleEntity>> com.alibaba.csp.sentinel.dashboard.controller.DegradeController.apiQueryMachineRules(java.lang.String,java.lang.String,java.lang.Integer)
2021-03-01 09:52:15 [main] INFO  o.s.w.s.m.m.a.RequestMappingHandlerMapping - Mapped "{[/degrade/rule],methods=[POST]}" onto public com.alibaba.csp.sentinel.dashboard.domain.Result<com.alibaba.csp.sentinel.dashboard.datasource.entity.rule.DegradeRuleEntity> com.alibaba.csp.sentinel.dashboard.controller.DegradeController.apiAddRule(com.alibaba.csp.sentinel.dashboard.datasource.entity.rule.DegradeRuleEntity)
2021-03-01 09:52:15 [main] INFO  o.s.w.s.m.m.a.RequestMappingHandlerMapping - Mapped "{[/degrade/rule/{id}],methods=[PUT]}" onto public com.alibaba.csp.sentinel.dashboard.domain.Result<com.alibaba.csp.sentinel.dashboard.datasource.entity.rule.DegradeRuleEntity> com.alibaba.csp.sentinel.dashboard.controller.DegradeController.apiUpdateRule(java.lang.Long,com.alibaba.csp.sentinel.dashboard.datasource.entity.rule.DegradeRuleEntity)
2021-03-01 09:52:15 [main] INFO  o.s.w.s.m.m.a.RequestMappingHandlerMapping - Mapped "{[/degrade/rule/{id}],methods=[DELETE]}" onto public com.alibaba.csp.sentinel.dashboard.domain.Result<java.lang.Long> com.alibaba.csp.sentinel.dashboard.controller.DegradeController.delete(java.lang.Long)
2021-03-01 09:52:15 [main] INFO  o.s.w.s.m.m.a.RequestMappingHandlerMapping - Mapped "{[/registry/machine],produces=[application/json]}" onto public com.alibaba.csp.sentinel.dashboard.domain.Result<?> com.alibaba.csp.sentinel.dashboard.controller.MachineRegistryController.receiveHeartBeat(java.lang.String,java.lang.Integer,java.lang.Long,java.lang.String,java.lang.String,java.lang.String,java.lang.Integer)
2021-03-01 09:52:15 [main] INFO  o.s.w.s.m.m.a.RequestMappingHandlerMapping - Mapped "{[/metric/queryTopResourceMetric.json],produces=[application/json]}" onto public com.alibaba.csp.sentinel.dashboard.domain.Result<?> com.alibaba.csp.sentinel.dashboard.controller.MetricController.queryTopResourceMetric(java.lang.String,java.lang.Integer,java.lang.Integer,java.lang.Boolean,java.lang.Long,java.lang.Long,java.lang.String)
2021-03-01 09:52:15 [main] INFO  o.s.w.s.m.m.a.RequestMappingHandlerMapping - Mapped "{[/metric/queryByAppAndResource.json],produces=[application/json]}" onto public com.alibaba.csp.sentinel.dashboard.domain.Result<?> com.alibaba.csp.sentinel.dashboard.controller.MetricController.queryByAppAndResource(java.lang.String,java.lang.String,java.lang.Long,java.lang.Long)
2021-03-01 09:52:15 [main] INFO  o.s.w.s.m.m.a.RequestMappingHandlerMapping - Mapped "{[/error],produces=[text/html]}" onto public org.springframework.web.servlet.ModelAndView org.springframework.boot.autoconfigure.web.servlet.error.BasicErrorController.errorHtml(javax.servlet.http.HttpServletRequest,javax.servlet.http.HttpServletResponse)
2021-03-01 09:52:15 [main] INFO  o.s.w.s.m.m.a.RequestMappingHandlerMapping - Mapped "{[/error]}" onto public org.springframework.http.ResponseEntity<java.util.Map<java.lang.String, java.lang.Object>> org.springframework.boot.autoconfigure.web.servlet.error.BasicErrorController.error(javax.servlet.http.HttpServletRequest)
2021-03-01 09:52:15 [main] INFO  o.s.w.s.h.SimpleUrlHandlerMapping - Root mapping to handler of type [class org.springframework.web.servlet.mvc.ParameterizableViewController]
2021-03-01 09:52:15 [main] INFO  o.s.w.s.h.SimpleUrlHandlerMapping - Mapped URL path [/webjars/**] onto handler of type [class org.springframework.web.servlet.resource.ResourceHttpRequestHandler]
2021-03-01 09:52:15 [main] INFO  o.s.w.s.h.SimpleUrlHandlerMapping - Mapped URL path [/**] onto handler of type [class org.springframework.web.servlet.resource.ResourceHttpRequestHandler]
2021-03-01 09:52:18 [main] INFO  o.s.j.e.a.AnnotationMBeanExporter - Registering beans for JMX exposure on startup
2021-03-01 09:52:19 [main] INFO  o.s.b.w.e.tomcat.TomcatWebServer - Tomcat started on port(s): 8080 (http) with context path ''
2021-03-01 09:52:19 [main] INFO  c.a.c.s.d.DashboardApplication - Started DashboardApplication in 38.843 seconds (JVM running for 40.904)
2021-03-01 09:54:06 [main] INFO  c.a.c.s.d.DashboardApplication - Starting DashboardApplication on bcf6d0863848 with PID 1 (/martin-sentinel/sentinel-dashboard-1.8.0.jar started by root in /martin-sentinel)
2021-03-01 09:54:06 [main] INFO  c.a.c.s.d.DashboardApplication - No active profile set, falling back to default profiles: default
2021-03-01 09:54:07 [main] INFO  o.s.b.w.s.c.AnnotationConfigServletWebServerApplicationContext - Refreshing org.springframework.boot.web.servlet.context.AnnotationConfigServletWebServerApplicationContext@6842775d: startup date [Mon Mar 01 09:54:07 CST 2021]; root of context hierarchy
2021-03-01 09:54:31 [main] INFO  o.s.b.w.e.tomcat.TomcatWebServer - Tomcat initialized with port(s): 8080 (http)
2021-03-01 09:54:31 [main] INFO  o.a.catalina.core.StandardService - Starting service [Tomcat]
2021-03-01 09:54:31 [main] INFO  o.a.catalina.core.StandardEngine - Starting Servlet Engine: Apache Tomcat/8.5.34
2021-03-01 09:54:31 [localhost-startStop-1] INFO  o.a.c.core.AprLifecycleListener - The APR based Apache Tomcat Native library which allows optimal performance in production environments was not found on the java.library.path: [/usr/java/packages/lib/amd64:/usr/lib64:/lib64:/lib:/usr/lib]
2021-03-01 09:54:32 [localhost-startStop-1] INFO  o.a.c.c.C.[Tomcat].[localhost].[/] - Initializing Spring embedded WebApplicationContext
2021-03-01 09:54:32 [localhost-startStop-1] INFO  o.s.web.context.ContextLoader - Root WebApplicationContext: initialization completed in 25331 ms
2021-03-01 09:54:33 [localhost-startStop-1] INFO  c.a.c.s.dashboard.config.WebConfig - Sentinel servlet CommonFilter registered
2021-03-01 09:54:34 [localhost-startStop-1] INFO  o.s.b.w.s.FilterRegistrationBean - Mapping filter: 'characterEncodingFilter' to: [/*]
2021-03-01 09:54:34 [localhost-startStop-1] INFO  o.s.b.w.s.FilterRegistrationBean - Mapping filter: 'hiddenHttpMethodFilter' to: [/*]
2021-03-01 09:54:34 [localhost-startStop-1] INFO  o.s.b.w.s.FilterRegistrationBean - Mapping filter: 'httpPutFormContentFilter' to: [/*]
2021-03-01 09:54:34 [localhost-startStop-1] INFO  o.s.b.w.s.FilterRegistrationBean - Mapping filter: 'requestContextFilter' to: [/*]
2021-03-01 09:54:34 [localhost-startStop-1] INFO  o.s.b.w.s.FilterRegistrationBean - Mapping filter: 'authenticationFilter' to urls: [/*]
2021-03-01 09:54:34 [localhost-startStop-1] INFO  o.s.b.w.s.FilterRegistrationBean - Mapping filter: 'sentinelFilter' to urls: [/*]
2021-03-01 09:54:34 [localhost-startStop-1] INFO  o.s.b.w.s.ServletRegistrationBean - Servlet dispatcherServlet mapped to [/]
2021-03-01 09:54:43 [main] INFO  o.s.w.s.h.SimpleUrlHandlerMapping - Mapped URL path [/**/favicon.ico] onto handler of type [class org.springframework.web.servlet.resource.ResourceHttpRequestHandler]
2021-03-01 09:54:45 [main] INFO  o.s.w.s.m.m.a.RequestMappingHandlerAdapter - Looking for @ControllerAdvice: org.springframework.boot.web.servlet.context.AnnotationConfigServletWebServerApplicationContext@6842775d: startup date [Mon Mar 01 09:54:07 CST 2021]; root of context hierarchy
2021-03-01 09:54:46 [main] INFO  o.s.w.s.m.m.a.RequestMappingHandlerMapping - Mapped "{[/v2/flow/rule/{id}],methods=[PUT]}" onto public com.alibaba.csp.sentinel.dashboard.domain.Result<com.alibaba.csp.sentinel.dashboard.datasource.entity.rule.FlowRuleEntity> com.alibaba.csp.sentinel.dashboard.controller.v2.FlowControllerV2.apiUpdateFlowRule(java.lang.Long,com.alibaba.csp.sentinel.dashboard.datasource.entity.rule.FlowRuleEntity)
2021-03-01 09:54:46 [main] INFO  o.s.w.s.m.m.a.RequestMappingHandlerMapping - Mapped "{[/v2/flow/rule/{id}],methods=[DELETE]}" onto public com.alibaba.csp.sentinel.dashboard.domain.Result<java.lang.Long> com.alibaba.csp.sentinel.dashboard.controller.v2.FlowControllerV2.apiDeleteRule(java.lang.Long)
2021-03-01 09:54:46 [main] INFO  o.s.w.s.m.m.a.RequestMappingHandlerMapping - Mapped "{[/v2/flow/rule],methods=[POST]}" onto public com.alibaba.csp.sentinel.dashboard.domain.Result<com.alibaba.csp.sentinel.dashboard.datasource.entity.rule.FlowRuleEntity> com.alibaba.csp.sentinel.dashboard.controller.v2.FlowControllerV2.apiAddFlowRule(com.alibaba.csp.sentinel.dashboard.datasource.entity.rule.FlowRuleEntity)
2021-03-01 09:54:46 [main] INFO  o.s.w.s.m.m.a.RequestMappingHandlerMapping - Mapped "{[/v2/flow/rules],methods=[GET]}" onto public com.alibaba.csp.sentinel.dashboard.domain.Result<java.util.List<com.alibaba.csp.sentinel.dashboard.datasource.entity.rule.FlowRuleEntity>> com.alibaba.csp.sentinel.dashboard.controller.v2.FlowControllerV2.apiQueryMachineRules(java.lang.String)
2021-03-01 09:54:46 [main] INFO  o.s.w.s.m.m.a.RequestMappingHandlerMapping - Mapped "{[/auth/logout],methods=[POST]}" onto public com.alibaba.csp.sentinel.dashboard.domain.Result<?> com.alibaba.csp.sentinel.dashboard.controller.AuthController.logout(javax.servlet.http.HttpServletRequest)
2021-03-01 09:54:46 [main] INFO  o.s.w.s.m.m.a.RequestMappingHandlerMapping - Mapped "{[/auth/login],methods=[POST]}" onto public com.alibaba.csp.sentinel.dashboard.domain.Result<com.alibaba.csp.sentinel.dashboard.auth.AuthService$AuthUser> com.alibaba.csp.sentinel.dashboard.controller.AuthController.login(javax.servlet.http.HttpServletRequest,java.lang.String,java.lang.String)
2021-03-01 09:54:46 [main] INFO  o.s.w.s.m.m.a.RequestMappingHandlerMapping - Mapped "{[/auth/check],methods=[POST]}" onto public com.alibaba.csp.sentinel.dashboard.domain.Result<?> com.alibaba.csp.sentinel.dashboard.controller.AuthController.check(javax.servlet.http.HttpServletRequest)
2021-03-01 09:54:46 [main] INFO  o.s.w.s.m.m.a.RequestMappingHandlerMapping - Mapped "{[/app/{app}/machine/remove.json]}" onto public com.alibaba.csp.sentinel.dashboard.domain.Result<java.lang.String> com.alibaba.csp.sentinel.dashboard.controller.AppController.removeMachineById(java.lang.String,java.lang.String,int)
2021-03-01 09:54:46 [main] INFO  o.s.w.s.m.m.a.RequestMappingHandlerMapping - Mapped "{[/app/{app}/machines.json],methods=[GET]}" onto public com.alibaba.csp.sentinel.dashboard.domain.Result<java.util.List<com.alibaba.csp.sentinel.dashboard.domain.vo.MachineInfoVo>> com.alibaba.csp.sentinel.dashboard.controller.AppController.getMachinesByApp(java.lang.String)
2021-03-01 09:54:46 [main] INFO  o.s.w.s.m.m.a.RequestMappingHandlerMapping - Mapped "{[/app/briefinfos.json],methods=[GET]}" onto public com.alibaba.csp.sentinel.dashboard.domain.Result<java.util.List<com.alibaba.csp.sentinel.dashboard.discovery.AppInfo>> com.alibaba.csp.sentinel.dashboard.controller.AppController.queryAppInfos(javax.servlet.http.HttpServletRequest)
2021-03-01 09:54:46 [main] INFO  o.s.w.s.m.m.a.RequestMappingHandlerMapping - Mapped "{[/app/names.json],methods=[GET]}" onto public com.alibaba.csp.sentinel.dashboard.domain.Result<java.util.List<java.lang.String>> com.alibaba.csp.sentinel.dashboard.controller.AppController.queryApps(javax.servlet.http.HttpServletRequest)
2021-03-01 09:54:46 [main] INFO  o.s.w.s.m.m.a.RequestMappingHandlerMapping - Mapped "{[/demo/loop],produces=[application/json]}" onto public java.lang.String com.alibaba.csp.sentinel.dashboard.controller.DemoController.loop(java.lang.String,int) throws com.alibaba.csp.sentinel.slots.block.BlockException
2021-03-01 09:54:46 [main] INFO  o.s.w.s.m.m.a.RequestMappingHandlerMapping - Mapped "{[/demo/link],produces=[application/json]}" onto public java.lang.String com.alibaba.csp.sentinel.dashboard.controller.DemoController.link() throws com.alibaba.csp.sentinel.slots.block.BlockException
2021-03-01 09:54:46 [main] INFO  o.s.w.s.m.m.a.RequestMappingHandlerMapping - Mapped "{[/demo/greeting],produces=[application/json]}" onto public java.lang.String com.alibaba.csp.sentinel.dashboard.controller.DemoController.greeting()
2021-03-01 09:54:46 [main] INFO  o.s.w.s.m.m.a.RequestMappingHandlerMapping - Mapped "{[/demo/slow],produces=[application/json]}" onto public java.lang.String com.alibaba.csp.sentinel.dashboard.controller.DemoController.slow(java.lang.String,int) throws com.alibaba.csp.sentinel.slots.block.BlockException
2021-03-01 09:54:46 [main] INFO  o.s.w.s.m.m.a.RequestMappingHandlerMapping - Mapped "{[/gateway/api/new.json],methods=[POST]}" onto public com.alibaba.csp.sentinel.dashboard.domain.Result<com.alibaba.csp.sentinel.dashboard.datasource.entity.gateway.ApiDefinitionEntity> com.alibaba.csp.sentinel.dashboard.controller.gateway.GatewayApiController.addApi(javax.servlet.http.HttpServletRequest,com.alibaba.csp.sentinel.dashboard.domain.vo.gateway.api.AddApiReqVo)
2021-03-01 09:54:46 [main] INFO  o.s.w.s.m.m.a.RequestMappingHandlerMapping - Mapped "{[/gateway/api/list.json],methods=[GET]}" onto public com.alibaba.csp.sentinel.dashboard.domain.Result<java.util.List<com.alibaba.csp.sentinel.dashboard.datasource.entity.gateway.ApiDefinitionEntity>> com.alibaba.csp.sentinel.dashboard.controller.gateway.GatewayApiController.queryApis(java.lang.String,java.lang.String,java.lang.Integer)
2021-03-01 09:54:46 [main] INFO  o.s.w.s.m.m.a.RequestMappingHandlerMapping - Mapped "{[/gateway/api/save.json],methods=[POST]}" onto public com.alibaba.csp.sentinel.dashboard.domain.Result<com.alibaba.csp.sentinel.dashboard.datasource.entity.gateway.ApiDefinitionEntity> com.alibaba.csp.sentinel.dashboard.controller.gateway.GatewayApiController.updateApi(com.alibaba.csp.sentinel.dashboard.domain.vo.gateway.api.UpdateApiReqVo)
2021-03-01 09:54:46 [main] INFO  o.s.w.s.m.m.a.RequestMappingHandlerMapping - Mapped "{[/gateway/api/delete.json],methods=[POST]}" onto public com.alibaba.csp.sentinel.dashboard.domain.Result<java.lang.Long> com.alibaba.csp.sentinel.dashboard.controller.gateway.GatewayApiController.deleteApi(java.lang.Long)
2021-03-01 09:54:47 [main] INFO  o.s.w.s.m.m.a.RequestMappingHandlerMapping - Mapped "{[/resource/machineResource.json],methods=[GET]}" onto public com.alibaba.csp.sentinel.dashboard.domain.Result<java.util.List<com.alibaba.csp.sentinel.dashboard.domain.vo.ResourceVo>> com.alibaba.csp.sentinel.dashboard.controller.ResourceController.fetchResourceChainListOfMachine(java.lang.String,java.lang.Integer,java.lang.String,java.lang.String)
2021-03-01 09:54:47 [main] INFO  o.s.w.s.m.m.a.RequestMappingHandlerMapping - Mapped "{[/version],methods=[GET]}" onto public com.alibaba.csp.sentinel.dashboard.domain.Result<java.lang.String> com.alibaba.csp.sentinel.dashboard.controller.VersionController.apiGetVersion()
2021-03-01 09:54:47 [main] INFO  o.s.w.s.m.m.a.RequestMappingHandlerMapping - Mapped "{[/v1/flow/save.json],methods=[PUT]}" onto public com.alibaba.csp.sentinel.dashboard.domain.Result<com.alibaba.csp.sentinel.dashboard.datasource.entity.rule.FlowRuleEntity> com.alibaba.csp.sentinel.dashboard.controller.FlowControllerV1.apiUpdateFlowRule(java.lang.Long,java.lang.String,java.lang.String,java.lang.String,java.lang.Integer,java.lang.Double,java.lang.Integer,java.lang.String,java.lang.Integer,java.lang.Integer,java.lang.Integer)
2021-03-01 09:54:47 [main] INFO  o.s.w.s.m.m.a.RequestMappingHandlerMapping - Mapped "{[/v1/flow/delete.json],methods=[DELETE]}" onto public com.alibaba.csp.sentinel.dashboard.domain.Result<java.lang.Long> com.alibaba.csp.sentinel.dashboard.controller.FlowControllerV1.apiDeleteFlowRule(java.lang.Long)
2021-03-01 09:54:47 [main] INFO  o.s.w.s.m.m.a.RequestMappingHandlerMapping - Mapped "{[/v1/flow/rule],methods=[POST]}" onto public com.alibaba.csp.sentinel.dashboard.domain.Result<com.alibaba.csp.sentinel.dashboard.datasource.entity.rule.FlowRuleEntity> com.alibaba.csp.sentinel.dashboard.controller.FlowControllerV1.apiAddFlowRule(com.alibaba.csp.sentinel.dashboard.datasource.entity.rule.FlowRuleEntity)
2021-03-01 09:54:47 [main] INFO  o.s.w.s.m.m.a.RequestMappingHandlerMapping - Mapped "{[/v1/flow/rules],methods=[GET]}" onto public com.alibaba.csp.sentinel.dashboard.domain.Result<java.util.List<com.alibaba.csp.sentinel.dashboard.datasource.entity.rule.FlowRuleEntity>> com.alibaba.csp.sentinel.dashboard.controller.FlowControllerV1.apiQueryMachineRules(java.lang.String,java.lang.String,java.lang.Integer)
2021-03-01 09:54:47 [main] INFO  o.s.w.s.m.m.a.RequestMappingHandlerMapping - Mapped "{[/paramFlow/rule/{id}],methods=[DELETE]}" onto public com.alibaba.csp.sentinel.dashboard.domain.Result<java.lang.Long> com.alibaba.csp.sentinel.dashboard.controller.ParamFlowRuleController.apiDeleteRule(java.lang.Long)
2021-03-01 09:54:47 [main] INFO  o.s.w.s.m.m.a.RequestMappingHandlerMapping - Mapped "{[/paramFlow/rules],methods=[GET]}" onto public com.alibaba.csp.sentinel.dashboard.domain.Result<java.util.List<com.alibaba.csp.sentinel.dashboard.datasource.entity.rule.ParamFlowRuleEntity>> com.alibaba.csp.sentinel.dashboard.controller.ParamFlowRuleController.apiQueryAllRulesForMachine(java.lang.String,java.lang.String,java.lang.Integer)
2021-03-01 09:54:47 [main] INFO  o.s.w.s.m.m.a.RequestMappingHandlerMapping - Mapped "{[/paramFlow/rule],methods=[POST]}" onto public com.alibaba.csp.sentinel.dashboard.domain.Result<com.alibaba.csp.sentinel.dashboard.datasource.entity.rule.ParamFlowRuleEntity> com.alibaba.csp.sentinel.dashboard.controller.ParamFlowRuleController.apiAddParamFlowRule(com.alibaba.csp.sentinel.dashboard.datasource.entity.rule.ParamFlowRuleEntity)
2021-03-01 09:54:47 [main] INFO  o.s.w.s.m.m.a.RequestMappingHandlerMapping - Mapped "{[/paramFlow/rule/{id}],methods=[PUT]}" onto public com.alibaba.csp.sentinel.dashboard.domain.Result<com.alibaba.csp.sentinel.dashboard.datasource.entity.rule.ParamFlowRuleEntity> com.alibaba.csp.sentinel.dashboard.controller.ParamFlowRuleController.apiUpdateParamFlowRule(java.lang.Long,com.alibaba.csp.sentinel.dashboard.datasource.entity.rule.ParamFlowRuleEntity)
2021-03-01 09:54:47 [main] INFO  o.s.w.s.m.m.a.RequestMappingHandlerMapping - Mapped "{[/authority/rule/{id}],methods=[DELETE]}" onto public com.alibaba.csp.sentinel.dashboard.domain.Result<java.lang.Long> com.alibaba.csp.sentinel.dashboard.controller.AuthorityRuleController.apiDeleteRule(java.lang.Long)
2021-03-01 09:54:47 [main] INFO  o.s.w.s.m.m.a.RequestMappingHandlerMapping - Mapped "{[/authority/rules],methods=[GET]}" onto public com.alibaba.csp.sentinel.dashboard.domain.Result<java.util.List<com.alibaba.csp.sentinel.dashboard.datasource.entity.rule.AuthorityRuleEntity>> com.alibaba.csp.sentinel.dashboard.controller.AuthorityRuleController.apiQueryAllRulesForMachine(java.lang.String,java.lang.String,java.lang.Integer)
2021-03-01 09:54:47 [main] INFO  o.s.w.s.m.m.a.RequestMappingHandlerMapping - Mapped "{[/authority/rule/{id}],methods=[PUT]}" onto public com.alibaba.csp.sentinel.dashboard.domain.Result<com.alibaba.csp.sentinel.dashboard.datasource.entity.rule.AuthorityRuleEntity> com.alibaba.csp.sentinel.dashboard.controller.AuthorityRuleController.apiUpdateParamFlowRule(java.lang.Long,com.alibaba.csp.sentinel.dashboard.datasource.entity.rule.AuthorityRuleEntity)
2021-03-01 09:54:47 [main] INFO  o.s.w.s.m.m.a.RequestMappingHandlerMapping - Mapped "{[/authority/rule],methods=[POST]}" onto public com.alibaba.csp.sentinel.dashboard.domain.Result<com.alibaba.csp.sentinel.dashboard.datasource.entity.rule.AuthorityRuleEntity> com.alibaba.csp.sentinel.dashboard.controller.AuthorityRuleController.apiAddAuthorityRule(com.alibaba.csp.sentinel.dashboard.datasource.entity.rule.AuthorityRuleEntity)
2021-03-01 09:54:47 [main] INFO  o.s.w.s.m.m.a.RequestMappingHandlerMapping - Mapped "{[/cluster/assign/all_server/{app}],methods=[POST]}" onto public com.alibaba.csp.sentinel.dashboard.domain.Result<com.alibaba.csp.sentinel.dashboard.domain.cluster.ClusterAppAssignResultVO> com.alibaba.csp.sentinel.dashboard.controller.cluster.ClusterAssignController.apiAssignAllClusterServersOfApp(java.lang.String,com.alibaba.csp.sentinel.dashboard.domain.cluster.ClusterAppFullAssignRequest)
2021-03-01 09:54:47 [main] INFO  o.s.w.s.m.m.a.RequestMappingHandlerMapping - Mapped "{[/cluster/assign/single_server/{app}],methods=[POST]}" onto public com.alibaba.csp.sentinel.dashboard.domain.Result<com.alibaba.csp.sentinel.dashboard.domain.cluster.ClusterAppAssignResultVO> com.alibaba.csp.sentinel.dashboard.controller.cluster.ClusterAssignController.apiAssignSingleClusterServersOfApp(java.lang.String,com.alibaba.csp.sentinel.dashboard.domain.cluster.ClusterAppSingleServerAssignRequest)
2021-03-01 09:54:47 [main] INFO  o.s.w.s.m.m.a.RequestMappingHandlerMapping - Mapped "{[/cluster/assign/unbind_server/{app}],methods=[POST]}" onto public com.alibaba.csp.sentinel.dashboard.domain.Result<com.alibaba.csp.sentinel.dashboard.domain.cluster.ClusterAppAssignResultVO> com.alibaba.csp.sentinel.dashboard.controller.cluster.ClusterAssignController.apiUnbindClusterServersOfApp(java.lang.String,java.util.Set<java.lang.String>)
2021-03-01 09:54:47 [main] INFO  o.s.w.s.m.m.a.RequestMappingHandlerMapping - Mapped "{[/cluster/config/modify_single],methods=[POST]}" onto public com.alibaba.csp.sentinel.dashboard.domain.Result<java.lang.Boolean> com.alibaba.csp.sentinel.dashboard.controller.cluster.ClusterConfigController.apiModifyClusterConfig(java.lang.String)
2021-03-01 09:54:47 [main] INFO  o.s.w.s.m.m.a.RequestMappingHandlerMapping - Mapped "{[/cluster/state_single],methods=[GET]}" onto public com.alibaba.csp.sentinel.dashboard.domain.Result<com.alibaba.csp.sentinel.dashboard.domain.cluster.state.ClusterUniversalStateVO> com.alibaba.csp.sentinel.dashboard.controller.cluster.ClusterConfigController.apiGetClusterState(java.lang.String,java.lang.String,java.lang.Integer)
2021-03-01 09:54:47 [main] INFO  o.s.w.s.m.m.a.RequestMappingHandlerMapping - Mapped "{[/cluster/server_state/{app}],methods=[GET]}" onto public com.alibaba.csp.sentinel.dashboard.domain.Result<java.util.List<com.alibaba.csp.sentinel.dashboard.domain.cluster.state.AppClusterServerStateWrapVO>> com.alibaba.csp.sentinel.dashboard.controller.cluster.ClusterConfigController.apiGetClusterServerStateOfApp(java.lang.String)
2021-03-01 09:54:47 [main] INFO  o.s.w.s.m.m.a.RequestMappingHandlerMapping - Mapped "{[/cluster/client_state/{app}],methods=[GET]}" onto public com.alibaba.csp.sentinel.dashboard.domain.Result<java.util.List<com.alibaba.csp.sentinel.dashboard.domain.cluster.state.AppClusterClientStateWrapVO>> com.alibaba.csp.sentinel.dashboard.controller.cluster.ClusterConfigController.apiGetClusterClientStateOfApp(java.lang.String)
2021-03-01 09:54:47 [main] INFO  o.s.w.s.m.m.a.RequestMappingHandlerMapping - Mapped "{[/cluster/state/{app}],methods=[GET]}" onto public com.alibaba.csp.sentinel.dashboard.domain.Result<java.util.List<com.alibaba.csp.sentinel.dashboard.domain.cluster.state.ClusterUniversalStatePairVO>> com.alibaba.csp.sentinel.dashboard.controller.cluster.ClusterConfigController.apiGetClusterStateOfApp(java.lang.String)
2021-03-01 09:54:47 [main] INFO  o.s.w.s.m.m.a.RequestMappingHandlerMapping - Mapped "{[/gateway/flow/save.json],methods=[POST]}" onto public com.alibaba.csp.sentinel.dashboard.domain.Result<com.alibaba.csp.sentinel.dashboard.datasource.entity.gateway.GatewayFlowRuleEntity> com.alibaba.csp.sentinel.dashboard.controller.gateway.GatewayFlowRuleController.updateFlowRule(com.alibaba.csp.sentinel.dashboard.domain.vo.gateway.rule.UpdateFlowRuleReqVo)
2021-03-01 09:54:47 [main] INFO  o.s.w.s.m.m.a.RequestMappingHandlerMapping - Mapped "{[/gateway/flow/list.json],methods=[GET]}" onto public com.alibaba.csp.sentinel.dashboard.domain.Result<java.util.List<com.alibaba.csp.sentinel.dashboard.datasource.entity.gateway.GatewayFlowRuleEntity>> com.alibaba.csp.sentinel.dashboard.controller.gateway.GatewayFlowRuleController.queryFlowRules(java.lang.String,java.lang.String,java.lang.Integer)
2021-03-01 09:54:47 [main] INFO  o.s.w.s.m.m.a.RequestMappingHandlerMapping - Mapped "{[/gateway/flow/delete.json],methods=[POST]}" onto public com.alibaba.csp.sentinel.dashboard.domain.Result<java.lang.Long> com.alibaba.csp.sentinel.dashboard.controller.gateway.GatewayFlowRuleController.deleteFlowRule(java.lang.Long)
2021-03-01 09:54:47 [main] INFO  o.s.w.s.m.m.a.RequestMappingHandlerMapping - Mapped "{[/gateway/flow/new.json],methods=[POST]}" onto public com.alibaba.csp.sentinel.dashboard.domain.Result<com.alibaba.csp.sentinel.dashboard.datasource.entity.gateway.GatewayFlowRuleEntity> com.alibaba.csp.sentinel.dashboard.controller.gateway.GatewayFlowRuleController.addFlowRule(com.alibaba.csp.sentinel.dashboard.domain.vo.gateway.rule.AddFlowRuleReqVo)
2021-03-01 09:54:47 [main] INFO  o.s.w.s.m.m.a.RequestMappingHandlerMapping - Mapped "{[/system/rules.json],methods=[GET]}" onto public com.alibaba.csp.sentinel.dashboard.domain.Result<java.util.List<com.alibaba.csp.sentinel.dashboard.datasource.entity.rule.SystemRuleEntity>> com.alibaba.csp.sentinel.dashboard.controller.SystemController.apiQueryMachineRules(java.lang.String,java.lang.String,java.lang.Integer)
2021-03-01 09:54:47 [main] INFO  o.s.w.s.m.m.a.RequestMappingHandlerMapping - Mapped "{[/system/new.json]}" onto public com.alibaba.csp.sentinel.dashboard.domain.Result<com.alibaba.csp.sentinel.dashboard.datasource.entity.rule.SystemRuleEntity> com.alibaba.csp.sentinel.dashboard.controller.SystemController.apiAdd(java.lang.String,java.lang.String,java.lang.Integer,java.lang.Double,java.lang.Double,java.lang.Long,java.lang.Long,java.lang.Double)
2021-03-01 09:54:47 [main] INFO  o.s.w.s.m.m.a.RequestMappingHandlerMapping - Mapped "{[/system/save.json],methods=[GET]}" onto public com.alibaba.csp.sentinel.dashboard.domain.Result<com.alibaba.csp.sentinel.dashboard.datasource.entity.rule.SystemRuleEntity> com.alibaba.csp.sentinel.dashboard.controller.SystemController.apiUpdateIfNotNull(java.lang.Long,java.lang.String,java.lang.Double,java.lang.Double,java.lang.Long,java.lang.Long,java.lang.Double)
2021-03-01 09:54:47 [main] INFO  o.s.w.s.m.m.a.RequestMappingHandlerMapping - Mapped "{[/system/delete.json]}" onto public com.alibaba.csp.sentinel.dashboard.domain.Result<?> com.alibaba.csp.sentinel.dashboard.controller.SystemController.delete(java.lang.Long)
2021-03-01 09:54:47 [main] INFO  o.s.w.s.m.m.a.RequestMappingHandlerMapping - Mapped "{[/degrade/rules.json],methods=[GET]}" onto public com.alibaba.csp.sentinel.dashboard.domain.Result<java.util.List<com.alibaba.csp.sentinel.dashboard.datasource.entity.rule.DegradeRuleEntity>> com.alibaba.csp.sentinel.dashboard.controller.DegradeController.apiQueryMachineRules(java.lang.String,java.lang.String,java.lang.Integer)
2021-03-01 09:54:47 [main] INFO  o.s.w.s.m.m.a.RequestMappingHandlerMapping - Mapped "{[/degrade/rule],methods=[POST]}" onto public com.alibaba.csp.sentinel.dashboard.domain.Result<com.alibaba.csp.sentinel.dashboard.datasource.entity.rule.DegradeRuleEntity> com.alibaba.csp.sentinel.dashboard.controller.DegradeController.apiAddRule(com.alibaba.csp.sentinel.dashboard.datasource.entity.rule.DegradeRuleEntity)
2021-03-01 09:54:47 [main] INFO  o.s.w.s.m.m.a.RequestMappingHandlerMapping - Mapped "{[/degrade/rule/{id}],methods=[PUT]}" onto public com.alibaba.csp.sentinel.dashboard.domain.Result<com.alibaba.csp.sentinel.dashboard.datasource.entity.rule.DegradeRuleEntity> com.alibaba.csp.sentinel.dashboard.controller.DegradeController.apiUpdateRule(java.lang.Long,com.alibaba.csp.sentinel.dashboard.datasource.entity.rule.DegradeRuleEntity)
2021-03-01 09:54:47 [main] INFO  o.s.w.s.m.m.a.RequestMappingHandlerMapping - Mapped "{[/degrade/rule/{id}],methods=[DELETE]}" onto public com.alibaba.csp.sentinel.dashboard.domain.Result<java.lang.Long> com.alibaba.csp.sentinel.dashboard.controller.DegradeController.delete(java.lang.Long)
2021-03-01 09:54:47 [main] INFO  o.s.w.s.m.m.a.RequestMappingHandlerMapping - Mapped "{[/registry/machine],produces=[application/json]}" onto public com.alibaba.csp.sentinel.dashboard.domain.Result<?> com.alibaba.csp.sentinel.dashboard.controller.MachineRegistryController.receiveHeartBeat(java.lang.String,java.lang.Integer,java.lang.Long,java.lang.String,java.lang.String,java.lang.String,java.lang.Integer)
2021-03-01 09:54:47 [main] INFO  o.s.w.s.m.m.a.RequestMappingHandlerMapping - Mapped "{[/metric/queryTopResourceMetric.json],produces=[application/json]}" onto public com.alibaba.csp.sentinel.dashboard.domain.Result<?> com.alibaba.csp.sentinel.dashboard.controller.MetricController.queryTopResourceMetric(java.lang.String,java.lang.Integer,java.lang.Integer,java.lang.Boolean,java.lang.Long,java.lang.Long,java.lang.String)
2021-03-01 09:54:47 [main] INFO  o.s.w.s.m.m.a.RequestMappingHandlerMapping - Mapped "{[/metric/queryByAppAndResource.json],produces=[application/json]}" onto public com.alibaba.csp.sentinel.dashboard.domain.Result<?> com.alibaba.csp.sentinel.dashboard.controller.MetricController.queryByAppAndResource(java.lang.String,java.lang.String,java.lang.Long,java.lang.Long)
2021-03-01 09:54:47 [main] INFO  o.s.w.s.m.m.a.RequestMappingHandlerMapping - Mapped "{[/error],produces=[text/html]}" onto public org.springframework.web.servlet.ModelAndView org.springframework.boot.autoconfigure.web.servlet.error.BasicErrorController.errorHtml(javax.servlet.http.HttpServletRequest,javax.servlet.http.HttpServletResponse)
2021-03-01 09:54:47 [main] INFO  o.s.w.s.m.m.a.RequestMappingHandlerMapping - Mapped "{[/error]}" onto public org.springframework.http.ResponseEntity<java.util.Map<java.lang.String, java.lang.Object>> org.springframework.boot.autoconfigure.web.servlet.error.BasicErrorController.error(javax.servlet.http.HttpServletRequest)
2021-03-01 09:54:47 [main] INFO  o.s.w.s.h.SimpleUrlHandlerMapping - Root mapping to handler of type [class org.springframework.web.servlet.mvc.ParameterizableViewController]
2021-03-01 09:54:47 [main] INFO  o.s.w.s.h.SimpleUrlHandlerMapping - Mapped URL path [/webjars/**] onto handler of type [class org.springframework.web.servlet.resource.ResourceHttpRequestHandler]
2021-03-01 09:54:47 [main] INFO  o.s.w.s.h.SimpleUrlHandlerMapping - Mapped URL path [/**] onto handler of type [class org.springframework.web.servlet.resource.ResourceHttpRequestHandler]
2021-03-01 09:54:49 [main] INFO  o.s.j.e.a.AnnotationMBeanExporter - Registering beans for JMX exposure on startup
2021-03-01 09:54:50 [main] INFO  o.s.b.w.e.tomcat.TomcatWebServer - Tomcat started on port(s): 8080 (http) with context path ''
2021-03-01 09:54:50 [main] INFO  c.a.c.s.d.DashboardApplication - Started DashboardApplication in 49.001 seconds (JVM running for 55.346)
2021-03-01 09:56:51 [http-nio-8080-exec-1] INFO  o.a.c.c.C.[Tomcat].[localhost].[/] - Initializing Spring FrameworkServlet 'dispatcherServlet'
2021-03-01 09:56:51 [http-nio-8080-exec-1] INFO  o.s.web.servlet.DispatcherServlet - FrameworkServlet 'dispatcherServlet': initialization started
2021-03-01 09:56:51 [http-nio-8080-exec-1] INFO  o.s.web.servlet.DispatcherServlet - FrameworkServlet 'dispatcherServlet': initialization completed in 90 ms
2021-03-01 11:21:40 [pool-2-thread-1] ERROR c.a.c.s.d.metric.MetricFetcher - fetch metric http://172.18.0.8:8719/metric?startTime=1614568874000&endTime=1614568880000&refetch=false error
java.net.NoRouteToHostException: No route to host
	at sun.nio.ch.SocketChannelImpl.checkConnect(Native Method)
	at sun.nio.ch.SocketChannelImpl.finishConnect(SocketChannelImpl.java:717)
	at org.apache.http.impl.nio.reactor.DefaultConnectingIOReactor.processEvent(DefaultConnectingIOReactor.java:171)
	at org.apache.http.impl.nio.reactor.DefaultConnectingIOReactor.processEvents(DefaultConnectingIOReactor.java:145)
	at org.apache.http.impl.nio.reactor.AbstractMultiworkerIOReactor.execute(AbstractMultiworkerIOReactor.java:348)
	at org.apache.http.impl.nio.conn.PoolingNHttpClientConnectionManager.execute(PoolingNHttpClientConnectionManager.java:194)
	at org.apache.http.impl.nio.client.CloseableHttpAsyncClientBase$1.run(CloseableHttpAsyncClientBase.java:64)
	at java.lang.Thread.run(Thread.java:748)
2021-03-01 11:21:40 [pool-2-thread-1] ERROR c.a.c.s.d.metric.MetricFetcher - fetch metric http://172.18.0.8:8719/metric?startTime=1614568888000&endTime=1614568894000&refetch=false error
java.net.NoRouteToHostException: No route to host
	at sun.nio.ch.SocketChannelImpl.checkConnect(Native Method)
	at sun.nio.ch.SocketChannelImpl.finishConnect(SocketChannelImpl.java:717)
	at org.apache.http.impl.nio.reactor.DefaultConnectingIOReactor.processEvent(DefaultConnectingIOReactor.java:171)
	at org.apache.http.impl.nio.reactor.DefaultConnectingIOReactor.processEvents(DefaultConnectingIOReactor.java:145)
	at org.apache.http.impl.nio.reactor.AbstractMultiworkerIOReactor.execute(AbstractMultiworkerIOReactor.java:348)
	at org.apache.http.impl.nio.conn.PoolingNHttpClientConnectionManager.execute(PoolingNHttpClientConnectionManager.java:194)
	at org.apache.http.impl.nio.client.CloseableHttpAsyncClientBase$1.run(CloseableHttpAsyncClientBase.java:64)
	at java.lang.Thread.run(Thread.java:748)
2021-03-01 11:21:44 [pool-2-thread-1] ERROR c.a.c.s.d.metric.MetricFetcher - fetch metric http://172.18.0.5:8719/metric?startTime=1614568891000&endTime=1614568897000&refetch=false error
java.net.NoRouteToHostException: No route to host
	at sun.nio.ch.SocketChannelImpl.checkConnect(Native Method)
	at sun.nio.ch.SocketChannelImpl.finishConnect(SocketChannelImpl.java:717)
	at org.apache.http.impl.nio.reactor.DefaultConnectingIOReactor.processEvent(DefaultConnectingIOReactor.java:171)
	at org.apache.http.impl.nio.reactor.DefaultConnectingIOReactor.processEvents(DefaultConnectingIOReactor.java:145)
	at org.apache.http.impl.nio.reactor.AbstractMultiworkerIOReactor.execute(AbstractMultiworkerIOReactor.java:348)
	at org.apache.http.impl.nio.conn.PoolingNHttpClientConnectionManager.execute(PoolingNHttpClientConnectionManager.java:194)
	at org.apache.http.impl.nio.client.CloseableHttpAsyncClientBase$1.run(CloseableHttpAsyncClientBase.java:64)
	at java.lang.Thread.run(Thread.java:748)
2021-03-01 11:21:44 [pool-2-thread-1] ERROR c.a.c.s.d.metric.MetricFetcher - fetch metric http://172.18.0.7:8719/metric?startTime=1614568877000&endTime=1614568883000&refetch=false error
java.net.NoRouteToHostException: No route to host
	at sun.nio.ch.SocketChannelImpl.checkConnect(Native Method)
	at sun.nio.ch.SocketChannelImpl.finishConnect(SocketChannelImpl.java:717)
	at org.apache.http.impl.nio.reactor.DefaultConnectingIOReactor.processEvent(DefaultConnectingIOReactor.java:171)
	at org.apache.http.impl.nio.reactor.DefaultConnectingIOReactor.processEvents(DefaultConnectingIOReactor.java:145)
	at org.apache.http.impl.nio.reactor.AbstractMultiworkerIOReactor.execute(AbstractMultiworkerIOReactor.java:348)
	at org.apache.http.impl.nio.conn.PoolingNHttpClientConnectionManager.execute(PoolingNHttpClientConnectionManager.java:194)
	at org.apache.http.impl.nio.client.CloseableHttpAsyncClientBase$1.run(CloseableHttpAsyncClientBase.java:64)
	at java.lang.Thread.run(Thread.java:748)
2021-03-01 11:21:44 [pool-2-thread-1] ERROR c.a.c.s.d.metric.MetricFetcher - fetch metric http://172.18.0.5:8719/metric?startTime=1614568877000&endTime=1614568883000&refetch=false error
java.net.NoRouteToHostException: No route to host
	at sun.nio.ch.SocketChannelImpl.checkConnect(Native Method)
	at sun.nio.ch.SocketChannelImpl.finishConnect(SocketChannelImpl.java:717)
	at org.apache.http.impl.nio.reactor.DefaultConnectingIOReactor.processEvent(DefaultConnectingIOReactor.java:171)
	at org.apache.http.impl.nio.reactor.DefaultConnectingIOReactor.processEvents(DefaultConnectingIOReactor.java:145)
	at org.apache.http.impl.nio.reactor.AbstractMultiworkerIOReactor.execute(AbstractMultiworkerIOReactor.java:348)
	at org.apache.http.impl.nio.conn.PoolingNHttpClientConnectionManager.execute(PoolingNHttpClientConnectionManager.java:194)
	at org.apache.http.impl.nio.client.CloseableHttpAsyncClientBase$1.run(CloseableHttpAsyncClientBase.java:64)
	at java.lang.Thread.run(Thread.java:748)
2021-03-01 11:21:44 [pool-2-thread-1] ERROR c.a.c.s.d.metric.MetricFetcher - fetch metric http://172.18.0.7:8719/metric?startTime=1614568891000&endTime=1614568897000&refetch=false error
java.net.NoRouteToHostException: No route to host
	at sun.nio.ch.SocketChannelImpl.checkConnect(Native Method)
	at sun.nio.ch.SocketChannelImpl.finishConnect(SocketChannelImpl.java:717)
	at org.apache.http.impl.nio.reactor.DefaultConnectingIOReactor.processEvent(DefaultConnectingIOReactor.java:171)
	at org.apache.http.impl.nio.reactor.DefaultConnectingIOReactor.processEvents(DefaultConnectingIOReactor.java:145)
	at org.apache.http.impl.nio.reactor.AbstractMultiworkerIOReactor.execute(AbstractMultiworkerIOReactor.java:348)
	at org.apache.http.impl.nio.conn.PoolingNHttpClientConnectionManager.execute(PoolingNHttpClientConnectionManager.java:194)
	at org.apache.http.impl.nio.client.CloseableHttpAsyncClientBase$1.run(CloseableHttpAsyncClientBase.java:64)
	at java.lang.Thread.run(Thread.java:748)
2021-03-01 11:21:46 [pool-2-thread-1] ERROR c.a.c.s.d.metric.MetricFetcher - fetch metric http://172.18.0.8:8719/metric?startTime=1614568895000&endTime=1614568901000&refetch=false error
java.net.NoRouteToHostException: No route to host
	at sun.nio.ch.SocketChannelImpl.checkConnect(Native Method)
	at sun.nio.ch.SocketChannelImpl.finishConnect(SocketChannelImpl.java:717)
	at org.apache.http.impl.nio.reactor.DefaultConnectingIOReactor.processEvent(DefaultConnectingIOReactor.java:171)
	at org.apache.http.impl.nio.reactor.DefaultConnectingIOReactor.processEvents(DefaultConnectingIOReactor.java:145)
	at org.apache.http.impl.nio.reactor.AbstractMultiworkerIOReactor.execute(AbstractMultiworkerIOReactor.java:348)
	at org.apache.http.impl.nio.conn.PoolingNHttpClientConnectionManager.execute(PoolingNHttpClientConnectionManager.java:194)
	at org.apache.http.impl.nio.client.CloseableHttpAsyncClientBase$1.run(CloseableHttpAsyncClientBase.java:64)
	at java.lang.Thread.run(Thread.java:748)
2021-03-01 11:21:46 [pool-2-thread-1] ERROR c.a.c.s.d.metric.MetricFetcher - fetch metric http://172.18.0.8:8719/metric?startTime=1614568881000&endTime=1614568887000&refetch=false error
java.net.NoRouteToHostException: No route to host
	at sun.nio.ch.SocketChannelImpl.checkConnect(Native Method)
	at sun.nio.ch.SocketChannelImpl.finishConnect(SocketChannelImpl.java:717)
	at org.apache.http.impl.nio.reactor.DefaultConnectingIOReactor.processEvent(DefaultConnectingIOReactor.java:171)
	at org.apache.http.impl.nio.reactor.DefaultConnectingIOReactor.processEvents(DefaultConnectingIOReactor.java:145)
	at org.apache.http.impl.nio.reactor.AbstractMultiworkerIOReactor.execute(AbstractMultiworkerIOReactor.java:348)
	at org.apache.http.impl.nio.conn.PoolingNHttpClientConnectionManager.execute(PoolingNHttpClientConnectionManager.java:194)
	at org.apache.http.impl.nio.client.CloseableHttpAsyncClientBase$1.run(CloseableHttpAsyncClientBase.java:64)
	at java.lang.Thread.run(Thread.java:748)
2021-03-01 11:21:46 [pool-2-thread-1] ERROR c.a.c.s.d.metric.MetricFetcher - fetch metric http://172.18.0.9:8719/metric?startTime=1614568880000&endTime=1614568886000&refetch=false error
java.net.NoRouteToHostException: No route to host
	at sun.nio.ch.SocketChannelImpl.checkConnect(Native Method)
	at sun.nio.ch.SocketChannelImpl.finishConnect(SocketChannelImpl.java:717)
	at org.apache.http.impl.nio.reactor.DefaultConnectingIOReactor.processEvent(DefaultConnectingIOReactor.java:171)
	at org.apache.http.impl.nio.reactor.DefaultConnectingIOReactor.processEvents(DefaultConnectingIOReactor.java:145)
	at org.apache.http.impl.nio.reactor.AbstractMultiworkerIOReactor.execute(AbstractMultiworkerIOReactor.java:348)
	at org.apache.http.impl.nio.conn.PoolingNHttpClientConnectionManager.execute(PoolingNHttpClientConnectionManager.java:194)
	at org.apache.http.impl.nio.client.CloseableHttpAsyncClientBase$1.run(CloseableHttpAsyncClientBase.java:64)
	at java.lang.Thread.run(Thread.java:748)
2021-03-01 11:21:46 [pool-2-thread-1] ERROR c.a.c.s.d.metric.MetricFetcher - fetch metric http://172.18.0.9:8719/metric?startTime=1614568894000&endTime=1614568900000&refetch=false error
java.net.NoRouteToHostException: No route to host
	at sun.nio.ch.SocketChannelImpl.checkConnect(Native Method)
	at sun.nio.ch.SocketChannelImpl.finishConnect(SocketChannelImpl.java:717)
	at org.apache.http.impl.nio.reactor.DefaultConnectingIOReactor.processEvent(DefaultConnectingIOReactor.java:171)
	at org.apache.http.impl.nio.reactor.DefaultConnectingIOReactor.processEvents(DefaultConnectingIOReactor.java:145)
	at org.apache.http.impl.nio.reactor.AbstractMultiworkerIOReactor.execute(AbstractMultiworkerIOReactor.java:348)
	at org.apache.http.impl.nio.conn.PoolingNHttpClientConnectionManager.execute(PoolingNHttpClientConnectionManager.java:194)
	at org.apache.http.impl.nio.client.CloseableHttpAsyncClientBase$1.run(CloseableHttpAsyncClientBase.java:64)
	at java.lang.Thread.run(Thread.java:748)
2021-03-01 11:21:47 [pool-2-thread-1] ERROR c.a.c.s.d.metric.MetricFetcher - Failed to fetch metric from <http://172.18.0.8:8719/metric?startTime=1614568867000&endTime=1614568873000&refetch=false> (ConnectionException: Connection timed out)
2021-03-01 11:21:48 [pool-2-thread-1] ERROR c.a.c.s.d.metric.MetricFetcher - fetch metric http://172.18.0.2:8719/metric?startTime=1614568883000&endTime=1614568889000&refetch=false error
java.net.NoRouteToHostException: No route to host
	at sun.nio.ch.SocketChannelImpl.checkConnect(Native Method)
	at sun.nio.ch.SocketChannelImpl.finishConnect(SocketChannelImpl.java:717)
	at org.apache.http.impl.nio.reactor.DefaultConnectingIOReactor.processEvent(DefaultConnectingIOReactor.java:171)
	at org.apache.http.impl.nio.reactor.DefaultConnectingIOReactor.processEvents(DefaultConnectingIOReactor.java:145)
	at org.apache.http.impl.nio.reactor.AbstractMultiworkerIOReactor.execute(AbstractMultiworkerIOReactor.java:348)
	at org.apache.http.impl.nio.conn.PoolingNHttpClientConnectionManager.execute(PoolingNHttpClientConnectionManager.java:194)
	at org.apache.http.impl.nio.client.CloseableHttpAsyncClientBase$1.run(CloseableHttpAsyncClientBase.java:64)
	at java.lang.Thread.run(Thread.java:748)
2021-03-01 11:21:48 [pool-2-thread-1] ERROR c.a.c.s.d.metric.MetricFetcher - fetch metric http://172.18.0.2:8719/metric?startTime=1614568890000&endTime=1614568896000&refetch=false error
java.net.NoRouteToHostException: No route to host
	at sun.nio.ch.SocketChannelImpl.checkConnect(Native Method)
	at sun.nio.ch.SocketChannelImpl.finishConnect(SocketChannelImpl.java:717)
	at org.apache.http.impl.nio.reactor.DefaultConnectingIOReactor.processEvent(DefaultConnectingIOReactor.java:171)
	at org.apache.http.impl.nio.reactor.DefaultConnectingIOReactor.processEvents(DefaultConnectingIOReactor.java:145)
	at org.apache.http.impl.nio.reactor.AbstractMultiworkerIOReactor.execute(AbstractMultiworkerIOReactor.java:348)
	at org.apache.http.impl.nio.conn.PoolingNHttpClientConnectionManager.execute(PoolingNHttpClientConnectionManager.java:194)
	at org.apache.http.impl.nio.client.CloseableHttpAsyncClientBase$1.run(CloseableHttpAsyncClientBase.java:64)
	at java.lang.Thread.run(Thread.java:748)
2021-03-01 11:21:48 [pool-2-thread-1] ERROR c.a.c.s.d.metric.MetricFetcher - fetch metric http://172.18.0.2:8719/metric?startTime=1614568897000&endTime=1614568903000&refetch=false error
java.net.NoRouteToHostException: No route to host
	at sun.nio.ch.SocketChannelImpl.checkConnect(Native Method)
	at sun.nio.ch.SocketChannelImpl.finishConnect(SocketChannelImpl.java:717)
	at org.apache.http.impl.nio.reactor.DefaultConnectingIOReactor.processEvent(DefaultConnectingIOReactor.java:171)
	at org.apache.http.impl.nio.reactor.DefaultConnectingIOReactor.processEvents(DefaultConnectingIOReactor.java:145)
	at org.apache.http.impl.nio.reactor.AbstractMultiworkerIOReactor.execute(AbstractMultiworkerIOReactor.java:348)
	at org.apache.http.impl.nio.conn.PoolingNHttpClientConnectionManager.execute(PoolingNHttpClientConnectionManager.java:194)
	at org.apache.http.impl.nio.client.CloseableHttpAsyncClientBase$1.run(CloseableHttpAsyncClientBase.java:64)
	at java.lang.Thread.run(Thread.java:748)
2021-03-01 11:21:49 [pool-2-thread-1] ERROR c.a.c.s.d.metric.MetricFetcher - fetch metric http://172.18.0.7:8719/metric?startTime=1614568884000&endTime=1614568890000&refetch=false error
java.net.NoRouteToHostException: No route to host
	at sun.nio.ch.SocketChannelImpl.checkConnect(Native Method)
	at sun.nio.ch.SocketChannelImpl.finishConnect(SocketChannelImpl.java:717)
	at org.apache.http.impl.nio.reactor.DefaultConnectingIOReactor.processEvent(DefaultConnectingIOReactor.java:171)
	at org.apache.http.impl.nio.reactor.DefaultConnectingIOReactor.processEvents(DefaultConnectingIOReactor.java:145)
	at org.apache.http.impl.nio.reactor.AbstractMultiworkerIOReactor.execute(AbstractMultiworkerIOReactor.java:348)
	at org.apache.http.impl.nio.conn.PoolingNHttpClientConnectionManager.execute(PoolingNHttpClientConnectionManager.java:194)
	at org.apache.http.impl.nio.client.CloseableHttpAsyncClientBase$1.run(CloseableHttpAsyncClientBase.java:64)
	at java.lang.Thread.run(Thread.java:748)
2021-03-01 11:21:49 [pool-2-thread-1] ERROR c.a.c.s.d.metric.MetricFetcher - fetch metric http://172.18.0.5:8719/metric?startTime=1614568898000&endTime=1614568904000&refetch=false error
java.net.NoRouteToHostException: No route to host
	at sun.nio.ch.SocketChannelImpl.checkConnect(Native Method)
	at sun.nio.ch.SocketChannelImpl.finishConnect(SocketChannelImpl.java:717)
	at org.apache.http.impl.nio.reactor.DefaultConnectingIOReactor.processEvent(DefaultConnectingIOReactor.java:171)
	at org.apache.http.impl.nio.reactor.DefaultConnectingIOReactor.processEvents(DefaultConnectingIOReactor.java:145)
	at org.apache.http.impl.nio.reactor.AbstractMultiworkerIOReactor.execute(AbstractMultiworkerIOReactor.java:348)
	at org.apache.http.impl.nio.conn.PoolingNHttpClientConnectionManager.execute(PoolingNHttpClientConnectionManager.java:194)
	at org.apache.http.impl.nio.client.CloseableHttpAsyncClientBase$1.run(CloseableHttpAsyncClientBase.java:64)
	at java.lang.Thread.run(Thread.java:748)
2021-03-01 11:21:49 [pool-2-thread-1] ERROR c.a.c.s.d.metric.MetricFetcher - fetch metric http://172.18.0.7:8719/metric?startTime=1614568898000&endTime=1614568904000&refetch=false error
java.net.NoRouteToHostException: No route to host
	at sun.nio.ch.SocketChannelImpl.checkConnect(Native Method)
	at sun.nio.ch.SocketChannelImpl.finishConnect(SocketChannelImpl.java:717)
	at org.apache.http.impl.nio.reactor.DefaultConnectingIOReactor.processEvent(DefaultConnectingIOReactor.java:171)
	at org.apache.http.impl.nio.reactor.DefaultConnectingIOReactor.processEvents(DefaultConnectingIOReactor.java:145)
	at org.apache.http.impl.nio.reactor.AbstractMultiworkerIOReactor.execute(AbstractMultiworkerIOReactor.java:348)
	at org.apache.http.impl.nio.conn.PoolingNHttpClientConnectionManager.execute(PoolingNHttpClientConnectionManager.java:194)
	at org.apache.http.impl.nio.client.CloseableHttpAsyncClientBase$1.run(CloseableHttpAsyncClientBase.java:64)
	at java.lang.Thread.run(Thread.java:748)
2021-03-01 11:21:49 [pool-2-thread-1] ERROR c.a.c.s.d.metric.MetricFetcher - fetch metric http://172.18.0.5:8719/metric?startTime=1614568884000&endTime=1614568890000&refetch=false error
java.net.NoRouteToHostException: No route to host
	at sun.nio.ch.SocketChannelImpl.checkConnect(Native Method)
	at sun.nio.ch.SocketChannelImpl.finishConnect(SocketChannelImpl.java:717)
	at org.apache.http.impl.nio.reactor.DefaultConnectingIOReactor.processEvent(DefaultConnectingIOReactor.java:171)
	at org.apache.http.impl.nio.reactor.DefaultConnectingIOReactor.processEvents(DefaultConnectingIOReactor.java:145)
	at org.apache.http.impl.nio.reactor.AbstractMultiworkerIOReactor.execute(AbstractMultiworkerIOReactor.java:348)
	at org.apache.http.impl.nio.conn.PoolingNHttpClientConnectionManager.execute(PoolingNHttpClientConnectionManager.java:194)
	at org.apache.http.impl.nio.client.CloseableHttpAsyncClientBase$1.run(CloseableHttpAsyncClientBase.java:64)
	at java.lang.Thread.run(Thread.java:748)
2021-03-01 11:21:49 [pool-2-thread-1] ERROR c.a.c.s.d.metric.MetricFetcher - Failed to fetch metric from <http://172.18.0.2:8719/metric?startTime=1614568869000&endTime=1614568875000&refetch=false> (ConnectionException: Connection timed out)
2021-03-01 11:21:50 [pool-2-thread-1] ERROR c.a.c.s.d.metric.MetricFetcher - Failed to fetch metric from <http://172.18.0.7:8719/metric?startTime=1614568870000&endTime=1614568876000&refetch=false> (ConnectionException: Connection timed out)
2021-03-01 11:21:50 [pool-2-thread-1] ERROR c.a.c.s.d.metric.MetricFetcher - Failed to fetch metric from <http://172.18.0.5:8719/metric?startTime=1614568870000&endTime=1614568876000&refetch=false> (ConnectionException: Connection timed out)
2021-03-01 11:21:52 [pool-2-thread-1] ERROR c.a.c.s.d.metric.MetricFetcher - fetch metric http://172.18.0.9:8719/metric?startTime=1614568901000&endTime=1614568907000&refetch=false error
java.net.NoRouteToHostException: No route to host
	at sun.nio.ch.SocketChannelImpl.checkConnect(Native Method)
	at sun.nio.ch.SocketChannelImpl.finishConnect(SocketChannelImpl.java:717)
	at org.apache.http.impl.nio.reactor.DefaultConnectingIOReactor.processEvent(DefaultConnectingIOReactor.java:171)
	at org.apache.http.impl.nio.reactor.DefaultConnectingIOReactor.processEvents(DefaultConnectingIOReactor.java:145)
	at org.apache.http.impl.nio.reactor.AbstractMultiworkerIOReactor.execute(AbstractMultiworkerIOReactor.java:348)
	at org.apache.http.impl.nio.conn.PoolingNHttpClientConnectionManager.execute(PoolingNHttpClientConnectionManager.java:194)
	at org.apache.http.impl.nio.client.CloseableHttpAsyncClientBase$1.run(CloseableHttpAsyncClientBase.java:64)
	at java.lang.Thread.run(Thread.java:748)
2021-03-01 11:21:52 [pool-2-thread-1] ERROR c.a.c.s.d.metric.MetricFetcher - fetch metric http://172.18.0.9:8719/metric?startTime=1614568887000&endTime=1614568893000&refetch=false error
java.net.NoRouteToHostException: No route to host
	at sun.nio.ch.SocketChannelImpl.checkConnect(Native Method)
	at sun.nio.ch.SocketChannelImpl.finishConnect(SocketChannelImpl.java:717)
	at org.apache.http.impl.nio.reactor.DefaultConnectingIOReactor.processEvent(DefaultConnectingIOReactor.java:171)
	at org.apache.http.impl.nio.reactor.DefaultConnectingIOReactor.processEvents(DefaultConnectingIOReactor.java:145)
	at org.apache.http.impl.nio.reactor.AbstractMultiworkerIOReactor.execute(AbstractMultiworkerIOReactor.java:348)
	at org.apache.http.impl.nio.conn.PoolingNHttpClientConnectionManager.execute(PoolingNHttpClientConnectionManager.java:194)
	at org.apache.http.impl.nio.client.CloseableHttpAsyncClientBase$1.run(CloseableHttpAsyncClientBase.java:64)
	at java.lang.Thread.run(Thread.java:748)
2021-03-01 11:21:53 [pool-2-thread-1] ERROR c.a.c.s.d.metric.MetricFetcher - Failed to fetch metric from <http://172.18.0.9:8719/metric?startTime=1614568873000&endTime=1614568879000&refetch=false> (ConnectionException: Connection timed out)
2021-03-01 11:21:53 [pool-2-thread-1] ERROR c.a.c.s.d.metric.MetricFetcher - fetch metric http://172.18.0.8:8719/metric?startTime=1614568902000&endTime=1614568908000&refetch=false error
java.net.NoRouteToHostException: No route to host
	at sun.nio.ch.SocketChannelImpl.checkConnect(Native Method)
	at sun.nio.ch.SocketChannelImpl.finishConnect(SocketChannelImpl.java:717)
	at org.apache.http.impl.nio.reactor.DefaultConnectingIOReactor.processEvent(DefaultConnectingIOReactor.java:171)
	at org.apache.http.impl.nio.reactor.DefaultConnectingIOReactor.processEvents(DefaultConnectingIOReactor.java:145)
	at org.apache.http.impl.nio.reactor.AbstractMultiworkerIOReactor.execute(AbstractMultiworkerIOReactor.java:348)
	at org.apache.http.impl.nio.conn.PoolingNHttpClientConnectionManager.execute(PoolingNHttpClientConnectionManager.java:194)
	at org.apache.http.impl.nio.client.CloseableHttpAsyncClientBase$1.run(CloseableHttpAsyncClientBase.java:64)
	at java.lang.Thread.run(Thread.java:748)
2021-03-01 11:21:55 [pool-2-thread-1] ERROR c.a.c.s.d.metric.MetricFetcher - fetch metric http://172.18.0.2:8719/metric?startTime=1614568904000&endTime=1614568910000&refetch=false error
java.net.NoRouteToHostException: No route to host
	at sun.nio.ch.SocketChannelImpl.checkConnect(Native Method)
	at sun.nio.ch.SocketChannelImpl.finishConnect(SocketChannelImpl.java:717)
	at org.apache.http.impl.nio.reactor.DefaultConnectingIOReactor.processEvent(DefaultConnectingIOReactor.java:171)
	at org.apache.http.impl.nio.reactor.DefaultConnectingIOReactor.processEvents(DefaultConnectingIOReactor.java:145)
	at org.apache.http.impl.nio.reactor.AbstractMultiworkerIOReactor.execute(AbstractMultiworkerIOReactor.java:348)
	at org.apache.http.impl.nio.conn.PoolingNHttpClientConnectionManager.execute(PoolingNHttpClientConnectionManager.java:194)
	at org.apache.http.impl.nio.client.CloseableHttpAsyncClientBase$1.run(CloseableHttpAsyncClientBase.java:64)
	at java.lang.Thread.run(Thread.java:748)
2021-03-01 11:21:56 [pool-2-thread-1] ERROR c.a.c.s.d.metric.MetricFetcher - fetch metric http://172.18.0.7:8719/metric?startTime=1614568905000&endTime=1614568911000&refetch=false error
java.net.NoRouteToHostException: No route to host
	at sun.nio.ch.SocketChannelImpl.checkConnect(Native Method)
	at sun.nio.ch.SocketChannelImpl.finishConnect(SocketChannelImpl.java:717)
	at org.apache.http.impl.nio.reactor.DefaultConnectingIOReactor.processEvent(DefaultConnectingIOReactor.java:171)
	at org.apache.http.impl.nio.reactor.DefaultConnectingIOReactor.processEvents(DefaultConnectingIOReactor.java:145)
	at org.apache.http.impl.nio.reactor.AbstractMultiworkerIOReactor.execute(AbstractMultiworkerIOReactor.java:348)
	at org.apache.http.impl.nio.conn.PoolingNHttpClientConnectionManager.execute(PoolingNHttpClientConnectionManager.java:194)
	at org.apache.http.impl.nio.client.CloseableHttpAsyncClientBase$1.run(CloseableHttpAsyncClientBase.java:64)
	at java.lang.Thread.run(Thread.java:748)
2021-03-01 11:21:56 [pool-2-thread-1] ERROR c.a.c.s.d.metric.MetricFetcher - fetch metric http://172.18.0.5:8719/metric?startTime=1614568905000&endTime=1614568911000&refetch=false error
java.net.NoRouteToHostException: No route to host
	at sun.nio.ch.SocketChannelImpl.checkConnect(Native Method)
	at sun.nio.ch.SocketChannelImpl.finishConnect(SocketChannelImpl.java:717)
	at org.apache.http.impl.nio.reactor.DefaultConnectingIOReactor.processEvent(DefaultConnectingIOReactor.java:171)
	at org.apache.http.impl.nio.reactor.DefaultConnectingIOReactor.processEvents(DefaultConnectingIOReactor.java:145)
	at org.apache.http.impl.nio.reactor.AbstractMultiworkerIOReactor.execute(AbstractMultiworkerIOReactor.java:348)
	at org.apache.http.impl.nio.conn.PoolingNHttpClientConnectionManager.execute(PoolingNHttpClientConnectionManager.java:194)
	at org.apache.http.impl.nio.client.CloseableHttpAsyncClientBase$1.run(CloseableHttpAsyncClientBase.java:64)
	at java.lang.Thread.run(Thread.java:748)
2021-03-01 11:21:56 [pool-2-thread-1] ERROR c.a.c.s.d.metric.MetricFetcher - Failed to fetch metric from <http://172.18.0.2:8719/metric?startTime=1614568876000&endTime=1614568882000&refetch=false> (ConnectionException: Connection timed out)
2021-03-01 11:21:59 [pool-2-thread-1] ERROR c.a.c.s.d.metric.MetricFetcher - fetch metric http://172.18.0.9:8719/metric?startTime=1614568908000&endTime=1614568914000&refetch=false error
java.net.NoRouteToHostException: No route to host
	at sun.nio.ch.SocketChannelImpl.checkConnect(Native Method)
	at sun.nio.ch.SocketChannelImpl.finishConnect(SocketChannelImpl.java:717)
	at org.apache.http.impl.nio.reactor.DefaultConnectingIOReactor.processEvent(DefaultConnectingIOReactor.java:171)
	at org.apache.http.impl.nio.reactor.DefaultConnectingIOReactor.processEvents(DefaultConnectingIOReactor.java:145)
	at org.apache.http.impl.nio.reactor.AbstractMultiworkerIOReactor.execute(AbstractMultiworkerIOReactor.java:348)
	at org.apache.http.impl.nio.conn.PoolingNHttpClientConnectionManager.execute(PoolingNHttpClientConnectionManager.java:194)
	at org.apache.http.impl.nio.client.CloseableHttpAsyncClientBase$1.run(CloseableHttpAsyncClientBase.java:64)
	at java.lang.Thread.run(Thread.java:748)
2021-03-01 11:22:00 [pool-2-thread-1] ERROR c.a.c.s.d.metric.MetricFetcher - fetch metric http://172.18.0.8:8719/metric?startTime=1614568909000&endTime=1614568915000&refetch=false error
java.net.NoRouteToHostException: No route to host
	at sun.nio.ch.SocketChannelImpl.checkConnect(Native Method)
	at sun.nio.ch.SocketChannelImpl.finishConnect(SocketChannelImpl.java:717)
	at org.apache.http.impl.nio.reactor.DefaultConnectingIOReactor.processEvent(DefaultConnectingIOReactor.java:171)
	at org.apache.http.impl.nio.reactor.DefaultConnectingIOReactor.processEvents(DefaultConnectingIOReactor.java:145)
	at org.apache.http.impl.nio.reactor.AbstractMultiworkerIOReactor.execute(AbstractMultiworkerIOReactor.java:348)
	at org.apache.http.impl.nio.conn.PoolingNHttpClientConnectionManager.execute(PoolingNHttpClientConnectionManager.java:194)
	at org.apache.http.impl.nio.client.CloseableHttpAsyncClientBase$1.run(CloseableHttpAsyncClientBase.java:64)
	at java.lang.Thread.run(Thread.java:748)
2021-03-01 11:22:02 [pool-2-thread-1] ERROR c.a.c.s.d.metric.MetricFetcher - fetch metric http://172.18.0.2:8719/metric?startTime=1614568911000&endTime=1614568917000&refetch=false error
java.net.NoRouteToHostException: No route to host
	at sun.nio.ch.SocketChannelImpl.checkConnect(Native Method)
	at sun.nio.ch.SocketChannelImpl.finishConnect(SocketChannelImpl.java:717)
	at org.apache.http.impl.nio.reactor.DefaultConnectingIOReactor.processEvent(DefaultConnectingIOReactor.java:171)
	at org.apache.http.impl.nio.reactor.DefaultConnectingIOReactor.processEvents(DefaultConnectingIOReactor.java:145)
	at org.apache.http.impl.nio.reactor.AbstractMultiworkerIOReactor.execute(AbstractMultiworkerIOReactor.java:348)
	at org.apache.http.impl.nio.conn.PoolingNHttpClientConnectionManager.execute(PoolingNHttpClientConnectionManager.java:194)
	at org.apache.http.impl.nio.client.CloseableHttpAsyncClientBase$1.run(CloseableHttpAsyncClientBase.java:64)
	at java.lang.Thread.run(Thread.java:748)
2021-03-01 11:22:03 [pool-2-thread-1] ERROR c.a.c.s.d.metric.MetricFetcher - fetch metric http://172.18.0.5:8719/metric?startTime=1614568912000&endTime=1614568918000&refetch=false error
java.net.NoRouteToHostException: No route to host
	at sun.nio.ch.SocketChannelImpl.checkConnect(Native Method)
	at sun.nio.ch.SocketChannelImpl.finishConnect(SocketChannelImpl.java:717)
	at org.apache.http.impl.nio.reactor.DefaultConnectingIOReactor.processEvent(DefaultConnectingIOReactor.java:171)
	at org.apache.http.impl.nio.reactor.DefaultConnectingIOReactor.processEvents(DefaultConnectingIOReactor.java:145)
	at org.apache.http.impl.nio.reactor.AbstractMultiworkerIOReactor.execute(AbstractMultiworkerIOReactor.java:348)
	at org.apache.http.impl.nio.conn.PoolingNHttpClientConnectionManager.execute(PoolingNHttpClientConnectionManager.java:194)
	at org.apache.http.impl.nio.client.CloseableHttpAsyncClientBase$1.run(CloseableHttpAsyncClientBase.java:64)
	at java.lang.Thread.run(Thread.java:748)
2021-03-01 11:22:03 [pool-2-thread-1] ERROR c.a.c.s.d.metric.MetricFetcher - fetch metric http://172.18.0.7:8719/metric?startTime=1614568912000&endTime=1614568918000&refetch=false error
java.net.NoRouteToHostException: No route to host
	at sun.nio.ch.SocketChannelImpl.checkConnect(Native Method)
	at sun.nio.ch.SocketChannelImpl.finishConnect(SocketChannelImpl.java:717)
	at org.apache.http.impl.nio.reactor.DefaultConnectingIOReactor.processEvent(DefaultConnectingIOReactor.java:171)
	at org.apache.http.impl.nio.reactor.DefaultConnectingIOReactor.processEvents(DefaultConnectingIOReactor.java:145)
	at org.apache.http.impl.nio.reactor.AbstractMultiworkerIOReactor.execute(AbstractMultiworkerIOReactor.java:348)
	at org.apache.http.impl.nio.conn.PoolingNHttpClientConnectionManager.execute(PoolingNHttpClientConnectionManager.java:194)
	at org.apache.http.impl.nio.client.CloseableHttpAsyncClientBase$1.run(CloseableHttpAsyncClientBase.java:64)
	at java.lang.Thread.run(Thread.java:748)
2021-03-01 11:22:06 [pool-2-thread-1] ERROR c.a.c.s.d.metric.MetricFetcher - fetch metric http://172.18.0.9:8719/metric?startTime=1614568915000&endTime=1614568921000&refetch=false error
java.net.NoRouteToHostException: No route to host
	at sun.nio.ch.SocketChannelImpl.checkConnect(Native Method)
	at sun.nio.ch.SocketChannelImpl.finishConnect(SocketChannelImpl.java:717)
	at org.apache.http.impl.nio.reactor.DefaultConnectingIOReactor.processEvent(DefaultConnectingIOReactor.java:171)
	at org.apache.http.impl.nio.reactor.DefaultConnectingIOReactor.processEvents(DefaultConnectingIOReactor.java:145)
	at org.apache.http.impl.nio.reactor.AbstractMultiworkerIOReactor.execute(AbstractMultiworkerIOReactor.java:348)
	at org.apache.http.impl.nio.conn.PoolingNHttpClientConnectionManager.execute(PoolingNHttpClientConnectionManager.java:194)
	at org.apache.http.impl.nio.client.CloseableHttpAsyncClientBase$1.run(CloseableHttpAsyncClientBase.java:64)
	at java.lang.Thread.run(Thread.java:748)
2021-03-01 11:22:07 [pool-2-thread-1] ERROR c.a.c.s.d.metric.MetricFetcher - fetch metric http://172.18.0.8:8719/metric?startTime=1614568916000&endTime=1614568922000&refetch=false error
java.net.NoRouteToHostException: No route to host
	at sun.nio.ch.SocketChannelImpl.checkConnect(Native Method)
	at sun.nio.ch.SocketChannelImpl.finishConnect(SocketChannelImpl.java:717)
	at org.apache.http.impl.nio.reactor.DefaultConnectingIOReactor.processEvent(DefaultConnectingIOReactor.java:171)
	at org.apache.http.impl.nio.reactor.DefaultConnectingIOReactor.processEvents(DefaultConnectingIOReactor.java:145)
	at org.apache.http.impl.nio.reactor.AbstractMultiworkerIOReactor.execute(AbstractMultiworkerIOReactor.java:348)
	at org.apache.http.impl.nio.conn.PoolingNHttpClientConnectionManager.execute(PoolingNHttpClientConnectionManager.java:194)
	at org.apache.http.impl.nio.client.CloseableHttpAsyncClientBase$1.run(CloseableHttpAsyncClientBase.java:64)
	at java.lang.Thread.run(Thread.java:748)
2021-03-01 11:22:09 [pool-2-thread-1] ERROR c.a.c.s.d.metric.MetricFetcher - fetch metric http://172.18.0.2:8719/metric?startTime=1614568918000&endTime=1614568924000&refetch=false error
java.net.NoRouteToHostException: No route to host
	at sun.nio.ch.SocketChannelImpl.checkConnect(Native Method)
	at sun.nio.ch.SocketChannelImpl.finishConnect(SocketChannelImpl.java:717)
	at org.apache.http.impl.nio.reactor.DefaultConnectingIOReactor.processEvent(DefaultConnectingIOReactor.java:171)
	at org.apache.http.impl.nio.reactor.DefaultConnectingIOReactor.processEvents(DefaultConnectingIOReactor.java:145)
	at org.apache.http.impl.nio.reactor.AbstractMultiworkerIOReactor.execute(AbstractMultiworkerIOReactor.java:348)
	at org.apache.http.impl.nio.conn.PoolingNHttpClientConnectionManager.execute(PoolingNHttpClientConnectionManager.java:194)
	at org.apache.http.impl.nio.client.CloseableHttpAsyncClientBase$1.run(CloseableHttpAsyncClientBase.java:64)
	at java.lang.Thread.run(Thread.java:748)
2021-03-01 11:22:13 [pool-2-thread-1] ERROR c.a.c.s.d.metric.MetricFetcher - fetch metric http://172.18.0.9:8719/metric?startTime=1614568922000&endTime=1614568928000&refetch=false error
java.net.NoRouteToHostException: No route to host
	at sun.nio.ch.SocketChannelImpl.checkConnect(Native Method)
	at sun.nio.ch.SocketChannelImpl.finishConnect(SocketChannelImpl.java:717)
	at org.apache.http.impl.nio.reactor.DefaultConnectingIOReactor.processEvent(DefaultConnectingIOReactor.java:171)
	at org.apache.http.impl.nio.reactor.DefaultConnectingIOReactor.processEvents(DefaultConnectingIOReactor.java:145)
	at org.apache.http.impl.nio.reactor.AbstractMultiworkerIOReactor.execute(AbstractMultiworkerIOReactor.java:348)
	at org.apache.http.impl.nio.conn.PoolingNHttpClientConnectionManager.execute(PoolingNHttpClientConnectionManager.java:194)
	at org.apache.http.impl.nio.client.CloseableHttpAsyncClientBase$1.run(CloseableHttpAsyncClientBase.java:64)
	at java.lang.Thread.run(Thread.java:748)
2021-03-01 11:22:15 [Thread-6] INFO  o.s.b.w.s.c.AnnotationConfigServletWebServerApplicationContext - Closing org.springframework.boot.web.servlet.context.AnnotationConfigServletWebServerApplicationContext@6842775d: startup date [Mon Mar 01 09:54:07 CST 2021]; root of context hierarchy
2021-03-01 11:22:15 [Thread-6] INFO  o.s.j.e.a.AnnotationMBeanExporter - Unregistering JMX-exposed beans on shutdown
