2021-02-24 11:58:37,926 INFO notifyConnectTimeout:200

2021-02-24 11:58:37,957 INFO notifySocketTimeout:8000

2021-02-24 11:58:37,958 INFO isHealthCheck:true

2021-02-24 11:58:37,960 INFO maxHealthCheckFailCount:12

2021-02-24 11:58:37,967 INFO maxContent:10485760

2021-02-24 11:58:37,969 INFO spring.datasource.platform:mysql

2021-02-24 11:59:02,487 WARN DumpService start

2021-02-24 11:59:02,490 INFO start clear all config-info.

2021-02-24 11:59:02,492 WARN clear all config-info failed.

2021-02-24 11:59:02,493 WARN clear all config-info-tenant failed.

2021-02-24 14:19:29,188 INFO notifyConnectTimeout:200

2021-02-24 14:19:29,221 INFO notifySocketTimeout:8000

2021-02-24 14:19:29,222 INFO isHealthCheck:true

2021-02-24 14:19:29,222 INFO maxHealthCheckFailCount:12

2021-02-24 14:19:29,225 INFO maxContent:10485760

2021-02-24 14:19:29,227 INFO spring.datasource.platform:mysql

2021-02-24 14:19:42,010 WARN DumpService start

2021-02-24 14:19:42,015 INFO start clear all config-info.

2021-02-24 14:19:42,018 WARN clear all config-info failed.

2021-02-24 14:19:42,019 WARN clear all config-info-tenant failed.

2021-02-24 14:19:42,035 INFO start clear all config-info-beta.

2021-02-24 14:19:42,035 WARN clear all config-info-beta failed.

2021-02-24 14:19:42,037 WARN clear all config-info-beta-tenant failed.

2021-02-24 14:19:42,041 INFO start clear all config-info-tag.

2021-02-24 14:19:42,041 WARN clear all config-info-tag failed.

2021-02-24 14:19:42,042 WARN clear all config-info-tag-tenant failed.

