
         ,--.
       ,--.'|
   ,--,:  : |                                           Nacos 1.4.1
,`--.'`|  ' :                       ,---.               Running in stand alone mode, All function modules
|   :  :  | |                      '   ,'\   .--.--.    Port: 8848
:   |   \ | :  ,--.--.     ,---.  /   /   | /  /    '   Pid: 30
|   : '  '; | /       \   /     \.   ; ,. :|  :  /`./   Console: http://0c30617d429c:8848/nacos/index.html
'   ' ;.    ;.--.  .-. | /    / ''   | |: :|  :  ;_
|   | | \   | \__\/: . ..    ' / '   | .; : \  \    `.      https://nacos.io
'   : |  ; .' ," .--.; |'   ; :__|   :    |  `----.   \
|   | '`--'  /  /  ,.  |'   | '.'|\   \  /  /  /`--'  /
'   : |     ;  :   .'   \   :    : `----'  '--'.     /
;   |.'     |  ,     .-./\   \  /            `--'---'
'---'        `--`---'     `----'

2021-02-24 14:19:36,990 INFO Bean 'org.springframework.security.access.expression.method.DefaultMethodSecurityExpressionHandler@13d4992d' of type [org.springframework.security.access.expression.method.DefaultMethodSecurityExpressionHandler] is not eligible for getting processed by all BeanPostProcessors (for example: not eligible for auto-proxying)

2021-02-24 14:19:37,004 INFO Bean 'methodSecurityMetadataSource' of type [org.springframework.security.access.method.DelegatingMethodSecurityMetadataSource] is not eligible for getting processed by all BeanPostProcessors (for example: not eligible for auto-proxying)

2021-02-24 14:19:37,706 INFO Tomcat initialized with port(s): 8848 (http)

2021-02-24 14:19:38,408 INFO Root WebApplicationContext: initialization completed in 8808 ms

2021-02-24 14:19:42,896 INFO Initializing ExecutorService 'applicationTaskExecutor'

2021-02-24 14:19:43,156 INFO Adding welcome page: class path resource [static/index.html]

2021-02-24 14:19:44,233 INFO Creating filter chain: Ant [pattern='/**'], []

2021-02-24 14:19:44,320 INFO Creating filter chain: any request, [org.springframework.security.web.context.request.async.WebAsyncManagerIntegrationFilter@5be82d43, org.springframework.security.web.context.SecurityContextPersistenceFilter@63fd4873, org.springframework.security.web.header.HeaderWriterFilter@f8908f6, org.springframework.security.web.csrf.CsrfFilter@66238be2, org.springframework.security.web.authentication.logout.LogoutFilter@4fdfa676, org.springframework.security.web.savedrequest.RequestCacheAwareFilter@7544a1e4, org.springframework.security.web.servletapi.SecurityContextHolderAwareRequestFilter@6ab72419, org.springframework.security.web.authentication.AnonymousAuthenticationFilter@600b0b7, org.springframework.security.web.session.SessionManagementFilter@2ef8a8c3, org.springframework.security.web.access.ExceptionTranslationFilter@200606de]

2021-02-24 14:19:44,507 INFO Initializing ExecutorService 'taskScheduler'

2021-02-24 14:19:44,566 INFO Exposing 16 endpoint(s) beneath base path '/actuator'

2021-02-24 14:19:44,850 INFO Tomcat started on port(s): 8848 (http) with context path '/nacos'

2021-02-24 14:19:44,861 INFO Nacos started successfully in stand alone mode. use external storage

2021-02-24 14:19:55,365 INFO Initializing Servlet 'dispatcherServlet'

2021-02-24 14:19:55,378 INFO Completed initialization in 12 ms

